{"/home/travis/build/npmtest/node-npmtest-bowser/test.js":{"path":"/home/travis/build/npmtest/node-npmtest-bowser/test.js","s":{"1":2,"2":2,"3":2,"4":2,"5":2,"6":2,"7":2,"8":1,"9":2,"10":2,"11":1,"12":1,"13":1,"14":1,"15":2,"16":2,"17":2,"18":2,"19":1,"20":1,"21":2,"22":2,"23":2,"24":1,"25":1,"26":1,"27":1,"28":1,"29":1,"30":1,"31":1,"32":1,"33":1,"34":1,"35":1,"36":1,"37":1,"38":1,"39":2,"40":2,"41":1,"42":2,"43":2,"44":1,"45":2,"46":2,"47":1,"48":2,"49":2,"50":1,"51":1,"52":1,"53":1,"54":1},"b":{"1":[2,1,1,1],"2":[1,1,1,1],"3":[1,1],"4":[1,1],"5":[1,1],"6":[1,1],"7":[1,1],"8":[1,1],"9":[1,1],"10":[1,1,1],"11":[1,1],"12":[1,1],"13":[1,1],"14":[1,1],"15":[1,1],"16":[1,1],"17":[1,1]},"f":{"1":2,"2":2,"3":2,"4":2,"5":2,"6":1,"7":1,"8":1,"9":2,"10":2,"11":2,"12":2,"13":1},"fnMap":{"1":{"name":"(anonymous_1)","line":12,"loc":{"start":{"line":12,"column":1},"end":{"line":12,"column":13}}},"2":{"name":"(anonymous_2)","line":19,"loc":{"start":{"line":19,"column":5},"end":{"line":19,"column":17}}},"3":{"name":"(anonymous_3)","line":23,"loc":{"start":{"line":23,"column":24},"end":{"line":23,"column":36}}},"4":{"name":"(anonymous_4)","line":61,"loc":{"start":{"line":61,"column":5},"end":{"line":61,"column":17}}},"5":{"name":"(anonymous_5)","line":82,"loc":{"start":{"line":82,"column":5},"end":{"line":82,"column":17}}},"6":{"name":"(anonymous_6)","line":91,"loc":{"start":{"line":91,"column":77},"end":{"line":94,"column":10}}},"7":{"name":"(anonymous_7)","line":112,"loc":{"start":{"line":112,"column":83},"end":{"line":115,"column":10}},"skip":true},"8":{"name":"(anonymous_8)","line":123,"loc":{"start":{"line":123,"column":77},"end":{"line":126,"column":10}},"skip":true},"9":{"name":"(anonymous_9)","line":139,"loc":{"start":{"line":139,"column":12},"end":{"line":139,"column":40}},"skip":true},"10":{"name":"(anonymous_10)","line":147,"loc":{"start":{"line":147,"column":77},"end":{"line":150,"column":10}},"skip":true},"11":{"name":"(anonymous_11)","line":158,"loc":{"start":{"line":158,"column":83},"end":{"line":161,"column":10}},"skip":true},"12":{"name":"(anonymous_12)","line":169,"loc":{"start":{"line":169,"column":79},"end":{"line":172,"column":10}},"skip":true},"13":{"name":"(anonymous_13)","line":180,"loc":{"start":{"line":180,"column":75},"end":{"line":183,"column":10}},"skip":true}},"statementMap":{"1":{"start":{"line":12,"column":0},"end":{"line":195,"column":5}},"2":{"start":{"line":14,"column":4},"end":{"line":14,"column":14}},"3":{"start":{"line":19,"column":4},"end":{"line":56,"column":9}},"4":{"start":{"line":21,"column":8},"end":{"line":21,"column":19}},"5":{"start":{"line":23,"column":8},"end":{"line":35,"column":13}},"6":{"start":{"line":24,"column":12},"end":{"line":34,"column":13}},"7":{"start":{"line":25,"column":16},"end":{"line":28,"column":30}},"8":{"start":{"line":30,"column":16},"end":{"line":33,"column":27}},"9":{"start":{"line":37,"column":8},"end":{"line":39,"column":21}},"10":{"start":{"line":40,"column":8},"end":{"line":53,"column":9}},"11":{"start":{"line":43,"column":12},"end":{"line":46,"column":14}},"12":{"start":{"line":47,"column":12},"end":{"line":47,"column":18}},"13":{"start":{"line":50,"column":12},"end":{"line":51,"column":46}},"14":{"start":{"line":52,"column":12},"end":{"line":52,"column":18}},"15":{"start":{"line":55,"column":8},"end":{"line":55,"column":35}},"16":{"start":{"line":61,"column":4},"end":{"line":63,"column":9}},"17":{"start":{"line":62,"column":8},"end":{"line":62,"column":15}},"18":{"start":{"line":64,"column":4},"end":{"line":77,"column":5}},"19":{"start":{"line":70,"column":8},"end":{"line":70,"column":14}},"20":{"start":{"line":76,"column":8},"end":{"line":76,"column":14}},"21":{"start":{"line":82,"column":4},"end":{"line":84,"column":9}},"22":{"start":{"line":83,"column":8},"end":{"line":83,"column":15}},"23":{"start":{"line":85,"column":4},"end":{"line":194,"column":5}},"24":{"start":{"line":91,"column":8},"end":{"line":99,"column":10}},"25":{"start":{"line":98,"column":12},"end":{"line":98,"column":35}},"26":{"start":{"line":102,"column":8},"end":{"line":104,"column":63}},"27":{"start":{"line":105,"column":8},"end":{"line":105,"column":14}},"28":{"start":{"line":112,"column":8},"end":{"line":121,"column":10},"skip":true},"29":{"start":{"line":119,"column":12},"end":{"line":119,"column":55},"skip":true},"30":{"start":{"line":120,"column":12},"end":{"line":120,"column":48},"skip":true},"31":{"start":{"line":123,"column":8},"end":{"line":136,"column":10},"skip":true},"32":{"start":{"line":130,"column":12},"end":{"line":130,"column":76},"skip":true},"33":{"start":{"line":131,"column":12},"end":{"line":131,"column":73},"skip":true},"34":{"start":{"line":132,"column":12},"end":{"line":132,"column":74},"skip":true},"35":{"start":{"line":133,"column":12},"end":{"line":133,"column":79},"skip":true},"36":{"start":{"line":134,"column":12},"end":{"line":134,"column":25},"skip":true},"37":{"start":{"line":135,"column":12},"end":{"line":135,"column":45},"skip":true},"38":{"start":{"line":138,"column":8},"end":{"line":145,"column":14},"skip":true},"39":{"start":{"line":143,"column":16},"end":{"line":143,"column":29},"skip":true},"40":{"start":{"line":144,"column":16},"end":{"line":144,"column":55},"skip":true},"41":{"start":{"line":147,"column":8},"end":{"line":156,"column":10},"skip":true},"42":{"start":{"line":154,"column":12},"end":{"line":154,"column":25},"skip":true},"43":{"start":{"line":155,"column":12},"end":{"line":155,"column":45},"skip":true},"44":{"start":{"line":158,"column":8},"end":{"line":167,"column":10},"skip":true},"45":{"start":{"line":165,"column":12},"end":{"line":165,"column":25},"skip":true},"46":{"start":{"line":166,"column":12},"end":{"line":166,"column":48},"skip":true},"47":{"start":{"line":169,"column":8},"end":{"line":178,"column":10},"skip":true},"48":{"start":{"line":176,"column":12},"end":{"line":176,"column":25},"skip":true},"49":{"start":{"line":177,"column":12},"end":{"line":177,"column":46},"skip":true},"50":{"start":{"line":180,"column":8},"end":{"line":189,"column":10},"skip":true},"51":{"start":{"line":187,"column":12},"end":{"line":187,"column":94},"skip":true},"52":{"start":{"line":188,"column":12},"end":{"line":188,"column":48},"skip":true},"53":{"start":{"line":192,"column":8},"end":{"line":192,"column":35},"skip":true},"54":{"start":{"line":193,"column":8},"end":{"line":193,"column":14},"skip":true}},"branchMap":{"1":{"line":25,"type":"binary-expr","locations":[{"start":{"line":25,"column":23},"end":{"line":25,"column":62}},{"start":{"line":26,"column":20},"end":{"line":26,"column":70}},{"start":{"line":27,"column":20},"end":{"line":27,"column":71}},{"start":{"line":28,"column":20},"end":{"line":28,"column":29}}]},"2":{"line":30,"type":"binary-expr","locations":[{"start":{"line":30,"column":23},"end":{"line":30,"column":37}},{"start":{"line":31,"column":20},"end":{"line":31,"column":61}},{"start":{"line":32,"column":20},"end":{"line":32,"column":70}},{"start":{"line":33,"column":20},"end":{"line":33,"column":26}}]},"3":{"line":37,"type":"cond-expr","locations":[{"start":{"line":38,"column":14},"end":{"line":38,"column":20}},{"start":{"line":39,"column":14},"end":{"line":39,"column":20}}]},"4":{"line":40,"type":"switch","locations":[{"start":{"line":42,"column":8},"end":{"line":47,"column":18}},{"start":{"line":49,"column":8},"end":{"line":52,"column":18}}]},"5":{"line":44,"type":"binary-expr","locations":[{"start":{"line":44,"column":16},"end":{"line":44,"column":44}},{"start":{"line":44,"column":48},"end":{"line":44,"column":66}}]},"6":{"line":50,"type":"binary-expr","locations":[{"start":{"line":50,"column":21},"end":{"line":50,"column":49}},{"start":{"line":50,"column":53},"end":{"line":50,"column":72}}]},"7":{"line":64,"type":"switch","locations":[{"start":{"line":69,"column":4},"end":{"line":70,"column":14}},{"start":{"line":75,"column":4},"end":{"line":76,"column":14}}]},"8":{"line":85,"type":"switch","locations":[{"start":{"line":90,"column":4},"end":{"line":105,"column":14}},{"start":{"line":111,"column":4},"end":{"line":193,"column":14},"skip":true}]},"9":{"line":91,"type":"binary-expr","locations":[{"start":{"line":91,"column":42},"end":{"line":91,"column":73}},{"start":{"line":91,"column":77},"end":{"line":99,"column":9}}]},"10":{"line":102,"type":"binary-expr","locations":[{"start":{"line":102,"column":18},"end":{"line":102,"column":32}},{"start":{"line":103,"column":12},"end":{"line":103,"column":53}},{"start":{"line":104,"column":12},"end":{"line":104,"column":61}}]},"11":{"line":112,"type":"binary-expr","locations":[{"start":{"line":112,"column":45},"end":{"line":112,"column":79},"skip":true},{"start":{"line":112,"column":83},"end":{"line":121,"column":9},"skip":true}]},"12":{"line":123,"type":"binary-expr","locations":[{"start":{"line":123,"column":42},"end":{"line":123,"column":73},"skip":true},{"start":{"line":123,"column":77},"end":{"line":136,"column":9},"skip":true}]},"13":{"line":138,"type":"binary-expr","locations":[{"start":{"line":138,"column":48},"end":{"line":138,"column":85},"skip":true},{"start":{"line":139,"column":12},"end":{"line":145,"column":13},"skip":true}]},"14":{"line":147,"type":"binary-expr","locations":[{"start":{"line":147,"column":42},"end":{"line":147,"column":73},"skip":true},{"start":{"line":147,"column":77},"end":{"line":156,"column":9},"skip":true}]},"15":{"line":158,"type":"binary-expr","locations":[{"start":{"line":158,"column":45},"end":{"line":158,"column":79},"skip":true},{"start":{"line":158,"column":83},"end":{"line":167,"column":9},"skip":true}]},"16":{"line":169,"type":"binary-expr","locations":[{"start":{"line":169,"column":43},"end":{"line":169,"column":75},"skip":true},{"start":{"line":169,"column":79},"end":{"line":178,"column":9},"skip":true}]},"17":{"line":180,"type":"binary-expr","locations":[{"start":{"line":180,"column":41},"end":{"line":180,"column":71},"skip":true},{"start":{"line":180,"column":75},"end":{"line":189,"column":9},"skip":true}]}},"code":["/* istanbul instrument in package npmtest_bowser */","/*jslint","    bitwise: true,","    browser: true,","    maxerr: 8,","    maxlen: 96,","    node: true,","    nomen: true,","    regexp: true,","    stupid: true","*/","(function () {","    'use strict';","    var local;","","","","    // run shared js-env code - pre-init","    (function () {","        // init local","        local = {};","        // init modeJs","        local.modeJs = (function () {","            try {","                return typeof navigator.userAgent === 'string' &&","                    typeof document.querySelector('body') === 'object' &&","                    typeof XMLHttpRequest.prototype.open === 'function' &&","                    'browser';","            } catch (errorCaughtBrowser) {","                return module.exports &&","                    typeof process.versions.node === 'string' &&","                    typeof require('http').createServer === 'function' &&","                    'node';","            }","        }());","        // init global","        local.global = local.modeJs === 'browser'","            ? window","            : global;","        switch (local.modeJs) {","        // re-init local from window.local","        case 'browser':","            local = local.global.utility2.objectSetDefault(","                local.global.utility2_rollup || local.global.local,","                local.global.utility2","            );","            break;","        // re-init local from example.js","        case 'node':","            local = (local.global.utility2_rollup || require('utility2'))","                .requireExampleJsFromReadme();","            break;","        }","        // export local","        local.global.local = local;","    }());","","","","    // run shared js-env code - function","    (function () {","        return;","    }());","    switch (local.modeJs) {","","","","    // run browser js-env code - function","    case 'browser':","        break;","","","","    // run node js-env code - function","    case 'node':","        break;","    }","","","","    // run shared js-env code - post-init","    (function () {","        return;","    }());","    switch (local.modeJs) {","","","","    // run browser js-env code - post-init","    case 'browser':","        local.testCase_browser_nullCase = local.testCase_browser_nullCase || function (","            options,","            onError","        ) {","        /*","         * this function will test browsers's null-case handling-behavior-behavior","         */","            onError(null, options);","        };","","        // run tests","        local.nop(local.modeTest &&","            document.querySelector('#testRunButton1') &&","            document.querySelector('#testRunButton1').click());","        break;","","","","    // run node js-env code - post-init","    /* istanbul ignore next */","    case 'node':","        local.testCase_buildApidoc_default = local.testCase_buildApidoc_default || function (","            options,","            onError","        ) {","        /*","         * this function will test buildApidoc's default handling-behavior-behavior","         */","            options = { modulePathList: module.paths };","            local.buildApidoc(options, onError);","        };","","        local.testCase_buildApp_default = local.testCase_buildApp_default || function (","            options,","            onError","        ) {","        /*","         * this function will test buildApp's default handling-behavior-behavior","         */","            local.testCase_buildReadme_default(options, local.onErrorThrow);","            local.testCase_buildLib_default(options, local.onErrorThrow);","            local.testCase_buildTest_default(options, local.onErrorThrow);","            local.testCase_buildCustomOrg_default(options, local.onErrorThrow);","            options = [];","            local.buildApp(options, onError);","        };","","        local.testCase_buildCustomOrg_default = local.testCase_buildCustomOrg_default ||","            function (options, onError) {","            /*","             * this function will test buildCustomOrg's default handling-behavior","             */","                options = {};","                local.buildCustomOrg(options, onError);","            };","","        local.testCase_buildLib_default = local.testCase_buildLib_default || function (","            options,","            onError","        ) {","        /*","         * this function will test buildLib's default handling-behavior","         */","            options = {};","            local.buildLib(options, onError);","        };","","        local.testCase_buildReadme_default = local.testCase_buildReadme_default || function (","            options,","            onError","        ) {","        /*","         * this function will test buildReadme's default handling-behavior-behavior","         */","            options = {};","            local.buildReadme(options, onError);","        };","","        local.testCase_buildTest_default = local.testCase_buildTest_default || function (","            options,","            onError","        ) {","        /*","         * this function will test buildTest's default handling-behavior","         */","            options = {};","            local.buildTest(options, onError);","        };","","        local.testCase_webpage_default = local.testCase_webpage_default || function (","            options,","            onError","        ) {","        /*","         * this function will test webpage's default handling-behavior","         */","            options = { modeCoverageMerge: true, url: local.serverLocalHost + '?modeTest=1' };","            local.browserTest(options, onError);","        };","","        // run test-server","        local.testRunServer(local);","        break;","    }","}());",""],"l":{"12":2,"14":2,"19":2,"21":2,"23":2,"24":2,"25":2,"30":1,"37":2,"40":2,"43":1,"47":1,"50":1,"52":1,"55":2,"61":2,"62":2,"64":2,"70":1,"76":1,"82":2,"83":2,"85":2,"91":1,"98":1,"102":1,"105":1,"112":1,"119":1,"120":1,"123":1,"130":1,"131":1,"132":1,"133":1,"134":1,"135":1,"138":1,"143":2,"144":2,"147":1,"154":2,"155":2,"158":1,"165":2,"166":2,"169":1,"176":2,"177":2,"180":1,"187":1,"188":1,"192":1,"193":1}},"/home/travis/build/npmtest/node-npmtest-bowser/lib.npmtest_bowser.js":{"path":"/home/travis/build/npmtest/node-npmtest-bowser/lib.npmtest_bowser.js","s":{"1":2,"2":2,"3":2,"4":2,"5":2,"6":2,"7":2,"8":1,"9":2,"10":2,"11":2,"12":2,"13":1,"14":1,"15":1,"16":1},"b":{"1":[2,1,1,1],"2":[1,1,1,1],"3":[1,1],"4":[2,2],"5":[1,1]},"f":{"1":2,"2":2,"3":2},"fnMap":{"1":{"name":"(anonymous_1)","line":12,"loc":{"start":{"line":12,"column":1},"end":{"line":12,"column":13}}},"2":{"name":"(anonymous_2)","line":19,"loc":{"start":{"line":19,"column":5},"end":{"line":19,"column":17}}},"3":{"name":"(anonymous_3)","line":23,"loc":{"start":{"line":23,"column":24},"end":{"line":23,"column":36}}}},"statementMap":{"1":{"start":{"line":12,"column":0},"end":{"line":53,"column":5}},"2":{"start":{"line":14,"column":4},"end":{"line":14,"column":14}},"3":{"start":{"line":19,"column":4},"end":{"line":52,"column":9}},"4":{"start":{"line":21,"column":8},"end":{"line":21,"column":19}},"5":{"start":{"line":23,"column":8},"end":{"line":35,"column":13}},"6":{"start":{"line":24,"column":12},"end":{"line":34,"column":13}},"7":{"start":{"line":25,"column":16},"end":{"line":28,"column":30}},"8":{"start":{"line":30,"column":16},"end":{"line":33,"column":27}},"9":{"start":{"line":37,"column":8},"end":{"line":39,"column":21}},"10":{"start":{"line":41,"column":8},"end":{"line":41,"column":54}},"11":{"start":{"line":43,"column":8},"end":{"line":43,"column":51}},"12":{"start":{"line":45,"column":8},"end":{"line":51,"column":9}},"13":{"start":{"line":46,"column":12},"end":{"line":46,"column":57}},"14":{"start":{"line":48,"column":12},"end":{"line":48,"column":35}},"15":{"start":{"line":49,"column":12},"end":{"line":49,"column":49}},"16":{"start":{"line":50,"column":12},"end":{"line":50,"column":43}}},"branchMap":{"1":{"line":25,"type":"binary-expr","locations":[{"start":{"line":25,"column":23},"end":{"line":25,"column":62}},{"start":{"line":26,"column":20},"end":{"line":26,"column":70}},{"start":{"line":27,"column":20},"end":{"line":27,"column":71}},{"start":{"line":28,"column":20},"end":{"line":28,"column":29}}]},"2":{"line":30,"type":"binary-expr","locations":[{"start":{"line":30,"column":23},"end":{"line":30,"column":37}},{"start":{"line":31,"column":20},"end":{"line":31,"column":61}},{"start":{"line":32,"column":20},"end":{"line":32,"column":70}},{"start":{"line":33,"column":20},"end":{"line":33,"column":26}}]},"3":{"line":37,"type":"cond-expr","locations":[{"start":{"line":38,"column":14},"end":{"line":38,"column":20}},{"start":{"line":39,"column":14},"end":{"line":39,"column":20}}]},"4":{"line":41,"type":"binary-expr","locations":[{"start":{"line":41,"column":16},"end":{"line":41,"column":44}},{"start":{"line":41,"column":48},"end":{"line":41,"column":53}}]},"5":{"line":45,"type":"if","locations":[{"start":{"line":45,"column":8},"end":{"line":45,"column":8}},{"start":{"line":45,"column":8},"end":{"line":45,"column":8}}]}},"code":["/* istanbul instrument in package npmtest_bowser */","/*jslint","    bitwise: true,","    browser: true,","    maxerr: 8,","    maxlen: 96,","    node: true,","    nomen: true,","    regexp: true,","    stupid: true","*/","(function () {","    'use strict';","    var local;","","","","    // run shared js-env code - pre-init","    (function () {","        // init local","        local = {};","        // init modeJs","        local.modeJs = (function () {","            try {","                return typeof navigator.userAgent === 'string' &&","                    typeof document.querySelector('body') === 'object' &&","                    typeof XMLHttpRequest.prototype.open === 'function' &&","                    'browser';","            } catch (errorCaughtBrowser) {","                return module.exports &&","                    typeof process.versions.node === 'string' &&","                    typeof require('http').createServer === 'function' &&","                    'node';","            }","        }());","        // init global","        local.global = local.modeJs === 'browser'","            ? window","            : global;","        // init utility2_rollup","        local = local.global.utility2_rollup || local;","        // init lib","        local.local = local.npmtest_bowser = local;","        // init exports","        if (local.modeJs === 'browser') {","            local.global.utility2_npmtest_bowser = local;","        } else {","            module.exports = local;","            module.exports.__dirname = __dirname;","            module.exports.module = module;","        }","    }());","}());",""],"l":{"12":2,"14":2,"19":2,"21":2,"23":2,"24":2,"25":2,"30":1,"37":2,"41":2,"43":2,"45":2,"46":1,"48":1,"49":1,"50":1}},"/home/travis/build/npmtest/node-npmtest-bowser/example.js":{"path":"/home/travis/build/npmtest/node-npmtest-bowser/example.js","s":{"1":2,"2":2,"3":2,"4":2,"5":2,"6":2,"7":2,"8":1,"9":2,"10":2,"11":2,"12":2,"13":1,"14":2,"15":2,"16":2,"17":2,"18":2,"19":0,"20":2,"21":1,"22":1,"23":1,"24":1,"25":1,"26":0,"27":0,"28":1,"29":1,"30":2,"31":0,"32":0,"33":0,"34":1,"35":2,"36":2,"37":3,"38":3,"39":3,"40":3,"41":0,"42":3,"43":3,"44":3,"45":1,"46":3,"47":1,"48":1,"49":1,"50":1,"51":1,"52":1,"53":1,"54":1,"55":1,"56":1,"57":0,"58":1,"59":6,"60":6,"61":1,"62":2,"63":0,"64":2,"65":1,"66":1,"67":0,"68":0,"69":0,"70":0,"71":0,"72":0,"73":0,"74":0,"75":0,"76":0,"77":0,"78":0,"79":0,"80":0,"81":0,"82":0,"83":0},"b":{"1":[2,1,1,1],"2":[1,1,1,1],"3":[1,1],"4":[2,2],"5":[1,1],"6":[1,1],"7":[2,0],"8":[2,1,1,1,1,1],"9":[0,2,0],"10":[1,1],"11":[2,1,1],"12":[1,0],"13":[0,2],"14":[2,0,0,0,0,0,0],"15":[0,3],"16":[3,0],"17":[1,1],"18":[0,1],"19":[1,2,0,2],"20":[1,0],"21":[1,1],"22":[0,0],"23":[0,0],"24":[0,0],"25":[0,0],"26":[0,0],"27":[0,0],"28":[0,0]},"f":{"1":2,"2":2,"3":2,"4":2,"5":2,"6":2,"7":3,"8":3,"9":3,"10":1,"11":6,"12":0},"fnMap":{"1":{"name":"(anonymous_1)","line":26,"loc":{"start":{"line":26,"column":1},"end":{"line":26,"column":13}}},"2":{"name":"(anonymous_2)","line":33,"loc":{"start":{"line":33,"column":5},"end":{"line":33,"column":17}}},"3":{"name":"(anonymous_3)","line":37,"loc":{"start":{"line":37,"column":24},"end":{"line":37,"column":36}}},"4":{"name":"(anonymous_4)","line":69,"loc":{"start":{"line":69,"column":31},"end":{"line":69,"column":48}},"skip":true},"5":{"name":"(anonymous_5)","line":78,"loc":{"start":{"line":78,"column":26},"end":{"line":78,"column":45}},"skip":true},"6":{"name":"(anonymous_6)","line":123,"loc":{"start":{"line":123,"column":33},"end":{"line":123,"column":48}},"skip":true},"7":{"name":"(anonymous_7)","line":125,"loc":{"start":{"line":125,"column":27},"end":{"line":125,"column":39}},"skip":true},"8":{"name":"(anonymous_8)","line":133,"loc":{"start":{"line":133,"column":59},"end":{"line":133,"column":74}},"skip":true},"9":{"name":"(anonymous_9)","line":143,"loc":{"start":{"line":143,"column":45},"end":{"line":143,"column":62}},"skip":true},"10":{"name":"(anonymous_10)","line":144,"loc":{"start":{"line":144,"column":73},"end":{"line":144,"column":92}},"skip":true},"11":{"name":"(anonymous_11)","line":272,"loc":{"start":{"line":272,"column":51},"end":{"line":272,"column":77}},"skip":true},"12":{"name":"(anonymous_12)","line":315,"loc":{"start":{"line":315,"column":32},"end":{"line":315,"column":61}},"skip":true}},"statementMap":{"1":{"start":{"line":26,"column":0},"end":{"line":326,"column":5}},"2":{"start":{"line":28,"column":4},"end":{"line":28,"column":14}},"3":{"start":{"line":33,"column":4},"end":{"line":60,"column":9}},"4":{"start":{"line":35,"column":8},"end":{"line":35,"column":19}},"5":{"start":{"line":37,"column":8},"end":{"line":49,"column":13}},"6":{"start":{"line":38,"column":12},"end":{"line":48,"column":13}},"7":{"start":{"line":39,"column":16},"end":{"line":42,"column":30}},"8":{"start":{"line":44,"column":16},"end":{"line":47,"column":27}},"9":{"start":{"line":51,"column":8},"end":{"line":53,"column":21}},"10":{"start":{"line":55,"column":8},"end":{"line":57,"column":45}},"11":{"start":{"line":59,"column":8},"end":{"line":59,"column":35}},"12":{"start":{"line":61,"column":4},"end":{"line":325,"column":5}},"13":{"start":{"line":69,"column":8},"end":{"line":121,"column":10},"skip":true},"14":{"start":{"line":70,"column":12},"end":{"line":88,"column":13},"skip":true},"15":{"start":{"line":76,"column":16},"end":{"line":87,"column":19},"skip":true},"16":{"start":{"line":79,"column":20},"end":{"line":86,"column":21},"skip":true},"17":{"start":{"line":82,"column":24},"end":{"line":82,"column":43},"skip":true},"18":{"start":{"line":83,"column":24},"end":{"line":83,"column":30},"skip":true},"19":{"start":{"line":85,"column":24},"end":{"line":85,"column":49},"skip":true},"20":{"start":{"line":89,"column":12},"end":{"line":107,"column":13},"skip":true},"21":{"start":{"line":92,"column":16},"end":{"line":102,"column":17},"skip":true},"22":{"start":{"line":93,"column":20},"end":{"line":93,"column":86},"skip":true},"23":{"start":{"line":94,"column":20},"end":{"line":95,"column":45},"skip":true},"24":{"start":{"line":96,"column":20},"end":{"line":96,"column":42},"skip":true},"25":{"start":{"line":97,"column":20},"end":{"line":97,"column":48},"skip":true},"26":{"start":{"line":100,"column":20},"end":{"line":100,"column":85},"skip":true},"27":{"start":{"line":101,"column":20},"end":{"line":101,"column":96},"skip":true},"28":{"start":{"line":103,"column":16},"end":{"line":103,"column":22},"skip":true},"29":{"start":{"line":106,"column":16},"end":{"line":106,"column":22},"skip":true},"30":{"start":{"line":108,"column":12},"end":{"line":120,"column":13},"skip":true},"31":{"start":{"line":114,"column":16},"end":{"line":119,"column":17},"skip":true},"32":{"start":{"line":116,"column":20},"end":{"line":116,"column":78},"skip":true},"33":{"start":{"line":118,"column":20},"end":{"line":118,"column":47},"skip":true},"34":{"start":{"line":123,"column":8},"end":{"line":141,"column":11},"skip":true},"35":{"start":{"line":124,"column":12},"end":{"line":124,"column":54},"skip":true},"36":{"start":{"line":125,"column":12},"end":{"line":140,"column":14},"skip":true},"37":{"start":{"line":126,"column":16},"end":{"line":126,"column":28},"skip":true},"38":{"start":{"line":127,"column":16},"end":{"line":127,"column":69},"skip":true},"39":{"start":{"line":128,"column":16},"end":{"line":128,"column":75},"skip":true},"40":{"start":{"line":129,"column":16},"end":{"line":131,"column":17},"skip":true},"41":{"start":{"line":130,"column":20},"end":{"line":130,"column":27},"skip":true},"42":{"start":{"line":133,"column":16},"end":{"line":137,"column":36},"skip":true},"43":{"start":{"line":134,"column":20},"end":{"line":136,"column":55},"skip":true},"44":{"start":{"line":139,"column":16},"end":{"line":139,"column":57},"skip":true},"45":{"start":{"line":143,"column":8},"end":{"line":147,"column":11},"skip":true},"46":{"start":{"line":144,"column":12},"end":{"line":146,"column":15},"skip":true},"47":{"start":{"line":145,"column":16},"end":{"line":145,"column":70},"skip":true},"48":{"start":{"line":149,"column":8},"end":{"line":149,"column":31},"skip":true},"49":{"start":{"line":150,"column":8},"end":{"line":150,"column":14},"skip":true},"50":{"start":{"line":158,"column":8},"end":{"line":158,"column":31},"skip":true},"51":{"start":{"line":160,"column":8},"end":{"line":160,"column":33},"skip":true},"52":{"start":{"line":161,"column":8},"end":{"line":161,"column":37},"skip":true},"53":{"start":{"line":162,"column":8},"end":{"line":162,"column":35},"skip":true},"54":{"start":{"line":164,"column":8},"end":{"line":164,"column":50},"skip":true},"55":{"start":{"line":166,"column":8},"end":{"line":256,"column":2},"skip":true},"56":{"start":{"line":258,"column":8},"end":{"line":286,"column":9},"skip":true},"57":{"start":{"line":259,"column":12},"end":{"line":269,"column":14},"skip":true},"58":{"start":{"line":271,"column":12},"end":{"line":285,"column":19},"skip":true},"59":{"start":{"line":274,"column":20},"end":{"line":274,"column":35},"skip":true},"60":{"start":{"line":275,"column":20},"end":{"line":284,"column":21},"skip":true},"61":{"start":{"line":277,"column":24},"end":{"line":277,"column":64},"skip":true},"62":{"start":{"line":279,"column":24},"end":{"line":279,"column":40},"skip":true},"63":{"start":{"line":281,"column":24},"end":{"line":281,"column":40},"skip":true},"64":{"start":{"line":283,"column":24},"end":{"line":283,"column":39},"skip":true},"65":{"start":{"line":288,"column":8},"end":{"line":290,"column":9},"skip":true},"66":{"start":{"line":289,"column":12},"end":{"line":289,"column":18},"skip":true},"67":{"start":{"line":291,"column":8},"end":{"line":293,"column":54},"skip":true},"68":{"start":{"line":296,"column":8},"end":{"line":301,"column":37},"skip":true},"69":{"start":{"line":303,"column":8},"end":{"line":303,"column":82},"skip":true},"70":{"start":{"line":306,"column":8},"end":{"line":308,"column":9},"skip":true},"71":{"start":{"line":307,"column":12},"end":{"line":307,"column":82},"skip":true},"72":{"start":{"line":310,"column":8},"end":{"line":312,"column":9},"skip":true},"73":{"start":{"line":311,"column":12},"end":{"line":311,"column":18},"skip":true},"74":{"start":{"line":313,"column":8},"end":{"line":313,"column":54},"skip":true},"75":{"start":{"line":314,"column":8},"end":{"line":314,"column":69},"skip":true},"76":{"start":{"line":315,"column":8},"end":{"line":323,"column":36},"skip":true},"77":{"start":{"line":316,"column":12},"end":{"line":316,"column":61},"skip":true},"78":{"start":{"line":317,"column":12},"end":{"line":320,"column":13},"skip":true},"79":{"start":{"line":318,"column":16},"end":{"line":318,"column":75},"skip":true},"80":{"start":{"line":319,"column":16},"end":{"line":319,"column":23},"skip":true},"81":{"start":{"line":321,"column":12},"end":{"line":321,"column":38},"skip":true},"82":{"start":{"line":322,"column":12},"end":{"line":322,"column":27},"skip":true},"83":{"start":{"line":324,"column":8},"end":{"line":324,"column":14},"skip":true}},"branchMap":{"1":{"line":39,"type":"binary-expr","locations":[{"start":{"line":39,"column":23},"end":{"line":39,"column":62}},{"start":{"line":40,"column":20},"end":{"line":40,"column":70}},{"start":{"line":41,"column":20},"end":{"line":41,"column":71}},{"start":{"line":42,"column":20},"end":{"line":42,"column":29}}]},"2":{"line":44,"type":"binary-expr","locations":[{"start":{"line":44,"column":23},"end":{"line":44,"column":37}},{"start":{"line":45,"column":20},"end":{"line":45,"column":61}},{"start":{"line":46,"column":20},"end":{"line":46,"column":70}},{"start":{"line":47,"column":20},"end":{"line":47,"column":26}}]},"3":{"line":51,"type":"cond-expr","locations":[{"start":{"line":52,"column":14},"end":{"line":52,"column":20}},{"start":{"line":53,"column":14},"end":{"line":53,"column":20}}]},"4":{"line":55,"type":"binary-expr","locations":[{"start":{"line":55,"column":16},"end":{"line":55,"column":44}},{"start":{"line":55,"column":49},"end":{"line":57,"column":43}}]},"5":{"line":55,"type":"cond-expr","locations":[{"start":{"line":56,"column":14},"end":{"line":56,"column":50}},{"start":{"line":57,"column":14},"end":{"line":57,"column":43}}]},"6":{"line":61,"type":"switch","locations":[{"start":{"line":68,"column":4},"end":{"line":150,"column":14},"skip":true},{"start":{"line":156,"column":4},"end":{"line":324,"column":14},"skip":true}]},"7":{"line":70,"type":"if","locations":[{"start":{"line":70,"column":12},"end":{"line":70,"column":12},"skip":true},{"start":{"line":70,"column":12},"end":{"line":70,"column":12},"skip":true}]},"8":{"line":70,"type":"binary-expr","locations":[{"start":{"line":70,"column":16},"end":{"line":70,"column":22},"skip":true},{"start":{"line":70,"column":27},"end":{"line":70,"column":32},"skip":true},{"start":{"line":71,"column":20},"end":{"line":71,"column":39},"skip":true},{"start":{"line":72,"column":20},"end":{"line":72,"column":49},"skip":true},{"start":{"line":73,"column":20},"end":{"line":73,"column":58},"skip":true},{"start":{"line":74,"column":20},"end":{"line":74,"column":69},"skip":true}]},"9":{"line":79,"type":"switch","locations":[{"start":{"line":80,"column":20},"end":{"line":80,"column":33},"skip":true},{"start":{"line":81,"column":20},"end":{"line":83,"column":30},"skip":true},{"start":{"line":84,"column":20},"end":{"line":85,"column":49},"skip":true}]},"10":{"line":89,"type":"switch","locations":[{"start":{"line":90,"column":12},"end":{"line":103,"column":22},"skip":true},{"start":{"line":105,"column":12},"end":{"line":106,"column":22},"skip":true}]},"11":{"line":89,"type":"binary-expr","locations":[{"start":{"line":89,"column":20},"end":{"line":89,"column":25},"skip":true},{"start":{"line":89,"column":29},"end":{"line":89,"column":48},"skip":true},{"start":{"line":89,"column":52},"end":{"line":89,"column":74},"skip":true}]},"12":{"line":92,"type":"if","locations":[{"start":{"line":92,"column":16},"end":{"line":92,"column":16},"skip":true},{"start":{"line":92,"column":16},"end":{"line":92,"column":16},"skip":true}]},"13":{"line":108,"type":"if","locations":[{"start":{"line":108,"column":12},"end":{"line":108,"column":12},"skip":true},{"start":{"line":108,"column":12},"end":{"line":108,"column":12},"skip":true}]},"14":{"line":108,"type":"binary-expr","locations":[{"start":{"line":108,"column":16},"end":{"line":108,"column":61},"skip":true},{"start":{"line":108,"column":66},"end":{"line":108,"column":72},"skip":true},{"start":{"line":108,"column":77},"end":{"line":108,"column":82},"skip":true},{"start":{"line":109,"column":20},"end":{"line":109,"column":39},"skip":true},{"start":{"line":110,"column":20},"end":{"line":110,"column":49},"skip":true},{"start":{"line":111,"column":20},"end":{"line":111,"column":58},"skip":true},{"start":{"line":112,"column":20},"end":{"line":112,"column":68},"skip":true}]},"15":{"line":129,"type":"if","locations":[{"start":{"line":129,"column":16},"end":{"line":129,"column":16},"skip":true},{"start":{"line":129,"column":16},"end":{"line":129,"column":16},"skip":true}]},"16":{"line":134,"type":"cond-expr","locations":[{"start":{"line":135,"column":26},"end":{"line":135,"column":29},"skip":true},{"start":{"line":136,"column":26},"end":{"line":136,"column":54},"skip":true}]},"17":{"line":164,"type":"binary-expr","locations":[{"start":{"line":164,"column":27},"end":{"line":164,"column":43},"skip":true},{"start":{"line":164,"column":47},"end":{"line":164,"column":49},"skip":true}]},"18":{"line":258,"type":"if","locations":[{"start":{"line":258,"column":8},"end":{"line":258,"column":8},"skip":true},{"start":{"line":258,"column":8},"end":{"line":258,"column":8},"skip":true}]},"19":{"line":275,"type":"switch","locations":[{"start":{"line":276,"column":20},"end":{"line":277,"column":64},"skip":true},{"start":{"line":278,"column":20},"end":{"line":279,"column":40},"skip":true},{"start":{"line":280,"column":20},"end":{"line":281,"column":40},"skip":true},{"start":{"line":282,"column":20},"end":{"line":283,"column":39},"skip":true}]},"20":{"line":288,"type":"if","locations":[{"start":{"line":288,"column":8},"end":{"line":288,"column":8},"skip":true},{"start":{"line":288,"column":8},"end":{"line":288,"column":8},"skip":true}]},"21":{"line":288,"type":"binary-expr","locations":[{"start":{"line":288,"column":12},"end":{"line":288,"column":40},"skip":true},{"start":{"line":288,"column":44},"end":{"line":288,"column":67},"skip":true}]},"22":{"line":292,"type":"binary-expr","locations":[{"start":{"line":292,"column":12},"end":{"line":292,"column":50},"skip":true},{"start":{"line":293,"column":12},"end":{"line":293,"column":53},"skip":true}]},"23":{"line":297,"type":"binary-expr","locations":[{"start":{"line":297,"column":12},"end":{"line":297,"column":64},"skip":true},{"start":{"line":298,"column":12},"end":{"line":301,"column":36},"skip":true}]},"24":{"line":303,"type":"binary-expr","locations":[{"start":{"line":303,"column":43},"end":{"line":303,"column":75},"skip":true},{"start":{"line":303,"column":79},"end":{"line":303,"column":81},"skip":true}]},"25":{"line":306,"type":"if","locations":[{"start":{"line":306,"column":8},"end":{"line":306,"column":8},"skip":true},{"start":{"line":306,"column":8},"end":{"line":306,"column":8},"skip":true}]},"26":{"line":310,"type":"if","locations":[{"start":{"line":310,"column":8},"end":{"line":310,"column":8},"skip":true},{"start":{"line":310,"column":8},"end":{"line":310,"column":8},"skip":true}]},"27":{"line":313,"type":"binary-expr","locations":[{"start":{"line":313,"column":27},"end":{"line":313,"column":43},"skip":true},{"start":{"line":313,"column":47},"end":{"line":313,"column":53},"skip":true}]},"28":{"line":317,"type":"if","locations":[{"start":{"line":317,"column":12},"end":{"line":317,"column":12},"skip":true},{"start":{"line":317,"column":12},"end":{"line":317,"column":12},"skip":true}]}},"code":["/*","example.js","","quickstart example","","instruction","    1. save this script as example.js","    2. run the shell command:","        $ npm install npmtest-bowser && PORT=8081 node example.js","    3. play with the browser-demo on http://127.0.0.1:8081","*/","","","","/* istanbul instrument in package npmtest_bowser */","/*jslint","    bitwise: true,","    browser: true,","    maxerr: 8,","    maxlen: 96,","    node: true,","    nomen: true,","    regexp: true,","    stupid: true","*/","(function () {","    'use strict';","    var local;","","","","    // run shared js-env code - pre-init","    (function () {","        // init local","        local = {};","        // init modeJs","        local.modeJs = (function () {","            try {","                return typeof navigator.userAgent === 'string' &&","                    typeof document.querySelector('body') === 'object' &&","                    typeof XMLHttpRequest.prototype.open === 'function' &&","                    'browser';","            } catch (errorCaughtBrowser) {","                return module.exports &&","                    typeof process.versions.node === 'string' &&","                    typeof require('http').createServer === 'function' &&","                    'node';","            }","        }());","        // init global","        local.global = local.modeJs === 'browser'","            ? window","            : global;","        // init utility2_rollup","        local = local.global.utility2_rollup || (local.modeJs === 'browser'","            ? local.global.utility2_npmtest_bowser","            : global.utility2_moduleExports);","        // export local","        local.global.local = local;","    }());","    switch (local.modeJs) {","","","","    // post-init","    // run browser js-env code - post-init","    /* istanbul ignore next */","    case 'browser':","        local.testRunBrowser = function (event) {","            if (!event || (event &&","                    event.currentTarget &&","                    event.currentTarget.className &&","                    event.currentTarget.className.includes &&","                    event.currentTarget.className.includes('onreset'))) {","                // reset output","                Array.from(","                    document.querySelectorAll('body > .resettable')","                ).forEach(function (element) {","                    switch (element.tagName) {","                    case 'INPUT':","                    case 'TEXTAREA':","                        element.value = '';","                        break;","                    default:","                        element.textContent = '';","                    }","                });","            }","            switch (event && event.currentTarget && event.currentTarget.id) {","            case 'testRunButton1':","                // show tests","                if (document.querySelector('#testReportDiv1').style.display === 'none') {","                    document.querySelector('#testReportDiv1').style.display = 'block';","                    document.querySelector('#testRunButton1').textContent =","                        'hide internal test';","                    local.modeTest = true;","                    local.testRunDefault(local);","                // hide tests","                } else {","                    document.querySelector('#testReportDiv1').style.display = 'none';","                    document.querySelector('#testRunButton1').textContent = 'run internal test';","                }","                break;","            // custom-case","            default:","                break;","            }","            if (document.querySelector('#inputTextareaEval1') && (!event || (event &&","                    event.currentTarget &&","                    event.currentTarget.className &&","                    event.currentTarget.className.includes &&","                    event.currentTarget.className.includes('oneval')))) {","                // try to eval input-code","                try {","                    /*jslint evil: true*/","                    eval(document.querySelector('#inputTextareaEval1').value);","                } catch (errorCaught) {","                    console.error(errorCaught);","                }","            }","        };","        // log stderr and stdout to #outputTextareaStdout1","        ['error', 'log'].forEach(function (key) {","            console[key + '_original'] = console[key];","            console[key] = function () {","                var element;","                console[key + '_original'].apply(console, arguments);","                element = document.querySelector('#outputTextareaStdout1');","                if (!element) {","                    return;","                }","                // append text to #outputTextareaStdout1","                element.value += Array.from(arguments).map(function (arg) {","                    return typeof arg === 'string'","                        ? arg","                        : JSON.stringify(arg, null, 4);","                }).join(' ') + '\\n';","                // scroll textarea to bottom","                element.scrollTop = element.scrollHeight;","            };","        });","        // init event-handling","        ['change', 'click', 'keyup'].forEach(function (event) {","            Array.from(document.querySelectorAll('.on' + event)).forEach(function (element) {","                element.addEventListener(event, local.testRunBrowser);","            });","        });","        // run tests","        local.testRunBrowser();","        break;","","","","    // run node js-env code - post-init","    /* istanbul ignore next */","    case 'node':","        // export local","        module.exports = local;","        // require modules","        local.fs = require('fs');","        local.http = require('http');","        local.url = require('url');","        // init assets","        local.assetsDict = local.assetsDict || {};","        /* jslint-ignore-begin */","        local.assetsDict['/assets.index.template.html'] = '\\","<!doctype html>\\n\\","<html lang=\"en\">\\n\\","<head>\\n\\","<meta charset=\"UTF-8\">\\n\\","<meta name=\"viewport\" content=\"width=device-width, initial-scale=1\">\\n\\","<title>{{env.npm_package_name}} (v{{env.npm_package_version}})</title>\\n\\","<style>\\n\\","/*csslint\\n\\","    box-sizing: false,\\n\\","    universal-selector: false\\n\\","*/\\n\\","* {\\n\\","    box-sizing: border-box;\\n\\","}\\n\\","body {\\n\\","    background: #dde;\\n\\","    font-family: Arial, Helvetica, sans-serif;\\n\\","    margin: 2rem;\\n\\","}\\n\\","body > * {\\n\\","    margin-bottom: 1rem;\\n\\","}\\n\\",".utility2FooterDiv {\\n\\","    margin-top: 20px;\\n\\","    text-align: center;\\n\\","}\\n\\","</style>\\n\\","<style>\\n\\","/*csslint\\n\\","*/\\n\\","textarea {\\n\\","    font-family: monospace;\\n\\","    height: 10rem;\\n\\","    width: 100%;\\n\\","}\\n\\","textarea[readonly] {\\n\\","    background: #ddd;\\n\\","}\\n\\","</style>\\n\\","</head>\\n\\","<body>\\n\\","<!-- utility2-comment\\n\\","<div id=\"ajaxProgressDiv1\" style=\"background: #d00; height: 2px; left: 0; margin: 0; padding: 0; position: fixed; top: 0; transition: background 0.5s, width 1.5s; width: 25%;\"></div>\\n\\","utility2-comment -->\\n\\","<h1>\\n\\","<!-- utility2-comment\\n\\","    <a\\n\\","        {{#if env.npm_package_homepage}}\\n\\","        href=\"{{env.npm_package_homepage}}\"\\n\\","        {{/if env.npm_package_homepage}}\\n\\","        target=\"_blank\"\\n\\","    >\\n\\","utility2-comment -->\\n\\","        {{env.npm_package_name}} (v{{env.npm_package_version}})\\n\\","<!-- utility2-comment\\n\\","    </a>\\n\\","utility2-comment -->\\n\\","</h1>\\n\\","<h3>{{env.npm_package_description}}</h3>\\n\\","<!-- utility2-comment\\n\\","<h4><a download href=\"assets.app.js\">download standalone app</a></h4>\\n\\","<button class=\"onclick onreset\" id=\"testRunButton1\">run internal test</button><br>\\n\\","<div id=\"testReportDiv1\" style=\"display: none;\"></div>\\n\\","utility2-comment -->\\n\\","\\n\\","\\n\\","\\n\\","<label>stderr and stdout</label>\\n\\","<textarea class=\"resettable\" id=\"outputTextareaStdout1\" readonly></textarea>\\n\\","<!-- utility2-comment\\n\\","{{#if isRollup}}\\n\\","<script src=\"assets.app.js\"></script>\\n\\","{{#unless isRollup}}\\n\\","utility2-comment -->\\n\\","<script src=\"assets.utility2.rollup.js\"></script>\\n\\","<script src=\"jsonp.utility2._stateInit?callback=window.utility2._stateInit\"></script>\\n\\","<script src=\"assets.npmtest_bowser.rollup.js\"></script>\\n\\","<script src=\"assets.example.js\"></script>\\n\\","<script src=\"assets.test.js\"></script>\\n\\","<!-- utility2-comment\\n\\","{{/if isRollup}}\\n\\","utility2-comment -->\\n\\","<div class=\"utility2FooterDiv\">\\n\\","    [ this app was created with\\n\\","    <a href=\"https://github.com/kaizhu256/node-utility2\" target=\"_blank\">utility2</a>\\n\\","    ]\\n\\","</div>\\n\\","</body>\\n\\","</html>\\n\\","';","        /* jslint-ignore-end */","        if (local.templateRender) {","            local.assetsDict['/'] = local.templateRender(","                local.assetsDict['/assets.index.template.html'],","                {","                    env: local.objectSetDefault(local.env, {","                        npm_package_description: 'the greatest app in the world!',","                        npm_package_name: 'my-app',","                        npm_package_nameAlias: 'my_app',","                        npm_package_version: '0.0.1'","                    })","                }","            );","        } else {","            local.assetsDict['/'] = local.assetsDict['/assets.index.template.html']","                .replace((/\\{\\{env\\.(\\w+?)\\}\\}/g), function (match0, match1) {","                    // jslint-hack","                    String(match0);","                    switch (match1) {","                    case 'npm_package_description':","                        return 'the greatest app in the world!';","                    case 'npm_package_name':","                        return 'my-app';","                    case 'npm_package_nameAlias':","                        return 'my_app';","                    case 'npm_package_version':","                        return '0.0.1';","                    }","                });","        }","        // run the cli","        if (local.global.utility2_rollup || module !== require.main) {","            break;","        }","        local.assetsDict['/assets.example.js'] =","            local.assetsDict['/assets.example.js'] ||","            local.fs.readFileSync(__filename, 'utf8');","        // bug-workaround - long $npm_package_buildCustomOrg","        /* jslint-ignore-begin */","        local.assetsDict['/assets.npmtest_bowser.rollup.js'] =","            local.assetsDict['/assets.npmtest_bowser.rollup.js'] ||","            local.fs.readFileSync(","                local.npmtest_bowser.__dirname + '/lib.npmtest_bowser.js',","                'utf8'","            ).replace((/^#!/), '//');","        /* jslint-ignore-end */","        local.assetsDict['/favicon.ico'] = local.assetsDict['/favicon.ico'] || '';","        // if $npm_config_timeout_exit exists,","        // then exit this process after $npm_config_timeout_exit ms","        if (Number(process.env.npm_config_timeout_exit)) {","            setTimeout(process.exit, Number(process.env.npm_config_timeout_exit));","        }","        // start server","        if (local.global.utility2_serverHttp1) {","            break;","        }","        process.env.PORT = process.env.PORT || '8081';","        console.error('server starting on port ' + process.env.PORT);","        local.http.createServer(function (request, response) {","            request.urlParsed = local.url.parse(request.url);","            if (local.assetsDict[request.urlParsed.pathname] !== undefined) {","                response.end(local.assetsDict[request.urlParsed.pathname]);","                return;","            }","            response.statusCode = 404;","            response.end();","        }).listen(process.env.PORT);","        break;","    }","}());",""],"l":{"26":2,"28":2,"33":2,"35":2,"37":2,"38":2,"39":2,"44":1,"51":2,"55":2,"59":2,"61":2,"69":1,"70":2,"76":2,"79":2,"82":2,"83":2,"85":1,"89":2,"92":1,"93":1,"94":1,"96":1,"97":1,"100":1,"101":1,"103":1,"106":1,"108":2,"114":1,"116":1,"118":1,"123":1,"124":2,"125":2,"126":3,"127":3,"128":3,"129":3,"130":1,"133":3,"134":3,"139":3,"143":1,"144":3,"145":1,"149":1,"150":1,"158":1,"160":1,"161":1,"162":1,"164":1,"166":1,"258":1,"259":1,"271":1,"274":6,"275":6,"277":1,"279":2,"281":1,"283":2,"288":1,"289":1,"291":1,"296":1,"303":1,"306":1,"307":1,"310":1,"311":1,"313":1,"314":1,"315":1,"316":1,"317":1,"318":1,"319":1,"321":1,"322":1,"324":1}},"/home/travis/build/npmtest/node-npmtest-bowser/node_modules/bowser/src/bowser.js":{"path":"/home/travis/build/npmtest/node-npmtest-bowser/node_modules/bowser/src/bowser.js","s":{"1":1,"2":1,"3":1,"4":0,"5":0,"6":0,"7":1,"8":1,"9":1,"10":4,"11":4,"12":1,"13":1,"14":1,"15":1,"16":1,"17":0,"18":1,"19":0,"20":1,"21":0,"22":1,"23":0,"24":1,"25":0,"26":1,"27":0,"28":1,"29":0,"30":1,"31":0,"32":1,"33":0,"34":1,"35":0,"36":1,"37":0,"38":1,"39":0,"40":0,"41":0,"42":0,"43":0,"44":0,"45":1,"46":0,"47":1,"48":0,"49":1,"50":0,"51":1,"52":0,"53":1,"54":0,"55":1,"56":0,"57":1,"58":0,"59":0,"60":0,"61":1,"62":0,"63":1,"64":0,"65":1,"66":0,"67":1,"68":0,"69":1,"70":0,"71":0,"72":1,"73":0,"74":1,"75":0,"76":1,"77":0,"78":1,"79":0,"80":1,"81":0,"82":1,"83":0,"84":1,"85":0,"86":0,"87":0,"88":1,"89":0,"90":0,"91":0,"92":1,"93":0,"94":1,"95":1,"96":0,"97":0,"98":0,"99":0,"100":0,"101":0,"102":0,"103":1,"104":0,"105":0,"106":0,"107":1,"108":0,"109":1,"110":0,"111":0,"112":1,"113":0,"114":1,"115":0,"116":1,"117":0,"118":1,"119":0,"120":1,"121":1,"122":0,"123":1,"124":0,"125":0,"126":1,"127":0,"128":1,"129":0,"130":1,"131":0,"132":1,"133":0,"134":1,"135":0,"136":1,"137":0,"138":1,"139":1,"140":0,"141":1,"142":0,"143":1,"144":0,"145":1,"146":0,"147":1,"148":1,"149":1,"150":1,"151":0,"152":0,"153":0,"154":0,"155":0,"156":0,"157":1,"158":0,"159":1,"160":0,"161":0,"162":0,"163":0,"164":0,"165":0,"166":1,"167":0,"168":0,"169":0,"170":0,"171":0,"172":0,"173":0,"174":0,"175":0,"176":0,"177":0,"178":0,"179":0,"180":1,"181":0,"182":0,"183":0,"184":0,"185":0,"186":0,"187":0,"188":0,"189":0,"190":0,"191":0,"192":0,"193":0,"194":0,"195":0,"196":0,"197":1,"198":0,"199":1,"200":1,"201":1,"202":1,"203":1},"b":{"1":[1,0],"2":[1,1],"3":[0,0],"4":[0,0],"5":[4,0,0,4],"6":[1,0,0,1],"7":[1,1],"8":[1,1],"9":[1,1],"10":[1,1,1],"11":[1,1,1,1,1],"12":[1,1],"13":[0,1],"14":[0,0],"15":[0,1],"16":[0,0],"17":[0,1],"18":[0,0],"19":[0,1],"20":[0,0],"21":[0,1],"22":[0,0],"23":[0,1],"24":[0,1],"25":[0,1],"26":[0,1],"27":[0,1],"28":[0,1],"29":[0,1],"30":[0,0],"31":[0,1],"32":[0,1],"33":[0,1],"34":[0,1],"35":[0,0],"36":[0,1],"37":[0,1],"38":[0,1],"39":[0,0],"40":[0,1],"41":[0,1],"42":[0,1],"43":[0,1],"44":[1,1],"45":[0,0],"46":[0,1],"47":[0,0],"48":[0,0],"49":[0,1],"50":[0,1],"51":[0,0],"52":[0,1],"53":[0,0],"54":[0,1],"55":[0,0],"56":[0,1],"57":[0,1],"58":[0,1],"59":[0,0],"60":[0,1],"61":[0,0],"62":[0,0],"63":[0,0],"64":[0,1],"65":[0,0],"66":[0,1],"67":[1,1],"68":[0,0],"69":[0,0],"70":[0,0],"71":[0,0],"72":[0,0],"73":[0,1],"74":[1,1],"75":[0,0],"76":[0,0],"77":[0,1],"78":[1,1,1,1],"79":[0,1],"80":[1,1,1],"81":[0,1],"82":[0,1],"83":[0,1],"84":[0,1],"85":[0,1],"86":[0,1],"87":[0,1],"88":[0,1],"89":[0,1],"90":[0,1],"91":[0,1],"92":[0,1],"93":[0,1],"94":[1,1,1,1,0,0,0,1],"95":[0,1],"96":[1,1,1,1,1,1,1,1],"97":[0,1],"98":[1,1,0,1,0,1,0,1,0,1,0,1,0,1,0,1,0,1,0,0,1,0,1,0],"99":[0,1],"100":[1,0,1,0,1,0,1,0,1,0,1,0,0,1,0],"101":[0,1],"102":[0,0],"103":[0,0],"104":[0,0],"105":[0,0],"106":[0,0],"107":[0,0],"108":[0,0],"109":[0,0],"110":[0,0],"111":[0,0],"112":[0,0],"113":[0,0],"114":[0,0]},"f":{"1":1,"2":1,"3":1,"4":4,"5":1,"6":0,"7":0,"8":0,"9":0,"10":0,"11":0,"12":0,"13":0},"fnMap":{"1":{"name":"(anonymous_1)","line":7,"loc":{"start":{"line":7,"column":1},"end":{"line":7,"column":35}}},"2":{"name":"(anonymous_2)","line":11,"loc":{"start":{"line":11,"column":18},"end":{"line":11,"column":30}}},"3":{"name":"detect","line":18,"loc":{"start":{"line":18,"column":2},"end":{"line":18,"column":22}}},"4":{"name":"getFirstMatch","line":20,"loc":{"start":{"line":20,"column":4},"end":{"line":20,"column":34}}},"5":{"name":"getSecondMatch","line":25,"loc":{"start":{"line":25,"column":4},"end":{"line":25,"column":35}}},"6":{"name":"(anonymous_6)","line":417,"loc":{"start":{"line":417,"column":16},"end":{"line":417,"column":39}}},"7":{"name":"getVersionPrecision","line":438,"loc":{"start":{"line":438,"column":2},"end":{"line":438,"column":40}}},"8":{"name":"map","line":449,"loc":{"start":{"line":449,"column":2},"end":{"line":449,"column":30}}},"9":{"name":"compareVersions","line":472,"loc":{"start":{"line":472,"column":2},"end":{"line":472,"column":37}}},"10":{"name":"(anonymous_10)","line":475,"loc":{"start":{"line":475,"column":31},"end":{"line":475,"column":50}}},"11":{"name":"(anonymous_11)","line":482,"loc":{"start":{"line":482,"column":37},"end":{"line":482,"column":54}}},"12":{"name":"isUnsupportedBrowser","line":523,"loc":{"start":{"line":523,"column":2},"end":{"line":523,"column":61}}},"13":{"name":"check","line":564,"loc":{"start":{"line":564,"column":2},"end":{"line":564,"column":46}}}},"statementMap":{"1":{"start":{"line":7,"column":0},"end":{"line":580,"column":3}},"2":{"start":{"line":8,"column":2},"end":{"line":10,"column":32}},"3":{"start":{"line":8,"column":54},"end":{"line":8,"column":83}},"4":{"start":{"line":9,"column":7},"end":{"line":10,"column":32}},"5":{"start":{"line":9,"column":54},"end":{"line":9,"column":78}},"6":{"start":{"line":10,"column":7},"end":{"line":10,"column":32}},"7":{"start":{"line":16,"column":2},"end":{"line":16,"column":14}},"8":{"start":{"line":18,"column":2},"end":{"line":413,"column":3}},"9":{"start":{"line":20,"column":4},"end":{"line":23,"column":5}},"10":{"start":{"line":21,"column":6},"end":{"line":21,"column":34}},"11":{"start":{"line":22,"column":6},"end":{"line":22,"column":59}},"12":{"start":{"line":25,"column":4},"end":{"line":28,"column":5}},"13":{"start":{"line":26,"column":6},"end":{"line":26,"column":34}},"14":{"start":{"line":27,"column":6},"end":{"line":27,"column":59}},"15":{"start":{"line":30,"column":4},"end":{"line":50,"column":14}},"16":{"start":{"line":52,"column":4},"end":{"line":303,"column":4}},"17":{"start":{"line":54,"column":6},"end":{"line":58,"column":7}},"18":{"start":{"line":59,"column":11},"end":{"line":303,"column":4}},"19":{"start":{"line":61,"column":6},"end":{"line":65,"column":7}},"20":{"start":{"line":67,"column":9},"end":{"line":303,"column":4}},"21":{"start":{"line":68,"column":6},"end":{"line":72,"column":7}},"22":{"start":{"line":74,"column":9},"end":{"line":303,"column":4}},"23":{"start":{"line":75,"column":6},"end":{"line":79,"column":7}},"24":{"start":{"line":81,"column":9},"end":{"line":303,"column":4}},"25":{"start":{"line":82,"column":6},"end":{"line":86,"column":7}},"26":{"start":{"line":88,"column":9},"end":{"line":303,"column":4}},"27":{"start":{"line":89,"column":6},"end":{"line":93,"column":7}},"28":{"start":{"line":95,"column":9},"end":{"line":303,"column":4}},"29":{"start":{"line":96,"column":6},"end":{"line":100,"column":7}},"30":{"start":{"line":102,"column":9},"end":{"line":303,"column":4}},"31":{"start":{"line":103,"column":6},"end":{"line":107,"column":7}},"32":{"start":{"line":109,"column":9},"end":{"line":303,"column":4}},"33":{"start":{"line":110,"column":6},"end":{"line":114,"column":7}},"34":{"start":{"line":116,"column":9},"end":{"line":303,"column":4}},"35":{"start":{"line":117,"column":6},"end":{"line":121,"column":7}},"36":{"start":{"line":123,"column":9},"end":{"line":303,"column":4}},"37":{"start":{"line":124,"column":6},"end":{"line":128,"column":7}},"38":{"start":{"line":130,"column":9},"end":{"line":303,"column":4}},"39":{"start":{"line":131,"column":6},"end":{"line":134,"column":7}},"40":{"start":{"line":135,"column":6},"end":{"line":142,"column":7}},"41":{"start":{"line":136,"column":8},"end":{"line":136,"column":25}},"42":{"start":{"line":137,"column":8},"end":{"line":137,"column":36}},"43":{"start":{"line":140,"column":8},"end":{"line":140,"column":23}},"44":{"start":{"line":141,"column":8},"end":{"line":141,"column":66}},"45":{"start":{"line":144,"column":9},"end":{"line":303,"column":4}},"46":{"start":{"line":145,"column":6},"end":{"line":149,"column":7}},"47":{"start":{"line":150,"column":11},"end":{"line":303,"column":4}},"48":{"start":{"line":151,"column":6},"end":{"line":157,"column":7}},"49":{"start":{"line":158,"column":11},"end":{"line":303,"column":4}},"50":{"start":{"line":159,"column":6},"end":{"line":163,"column":7}},"51":{"start":{"line":165,"column":9},"end":{"line":303,"column":4}},"52":{"start":{"line":166,"column":6},"end":{"line":170,"column":7}},"53":{"start":{"line":172,"column":9},"end":{"line":303,"column":4}},"54":{"start":{"line":173,"column":6},"end":{"line":177,"column":7}},"55":{"start":{"line":179,"column":9},"end":{"line":303,"column":4}},"56":{"start":{"line":180,"column":6},"end":{"line":184,"column":7}},"57":{"start":{"line":186,"column":9},"end":{"line":303,"column":4}},"58":{"start":{"line":187,"column":6},"end":{"line":191,"column":7}},"59":{"start":{"line":192,"column":6},"end":{"line":194,"column":7}},"60":{"start":{"line":193,"column":8},"end":{"line":193,"column":28}},"61":{"start":{"line":196,"column":9},"end":{"line":303,"column":4}},"62":{"start":{"line":197,"column":6},"end":{"line":201,"column":7}},"63":{"start":{"line":203,"column":9},"end":{"line":303,"column":4}},"64":{"start":{"line":204,"column":6},"end":{"line":208,"column":7}},"65":{"start":{"line":210,"column":9},"end":{"line":303,"column":4}},"66":{"start":{"line":211,"column":6},"end":{"line":215,"column":7}},"67":{"start":{"line":217,"column":9},"end":{"line":303,"column":4}},"68":{"start":{"line":218,"column":6},"end":{"line":222,"column":7}},"69":{"start":{"line":224,"column":9},"end":{"line":303,"column":4}},"70":{"start":{"line":225,"column":6},"end":{"line":229,"column":8}},"71":{"start":{"line":230,"column":6},"end":{"line":230,"column":53}},"72":{"start":{"line":232,"column":9},"end":{"line":303,"column":4}},"73":{"start":{"line":233,"column":6},"end":{"line":237,"column":8}},"74":{"start":{"line":239,"column":9},"end":{"line":303,"column":4}},"75":{"start":{"line":240,"column":6},"end":{"line":244,"column":8}},"76":{"start":{"line":246,"column":9},"end":{"line":303,"column":4}},"77":{"start":{"line":247,"column":6},"end":{"line":251,"column":7}},"78":{"start":{"line":253,"column":9},"end":{"line":303,"column":4}},"79":{"start":{"line":254,"column":6},"end":{"line":258,"column":7}},"80":{"start":{"line":260,"column":9},"end":{"line":303,"column":4}},"81":{"start":{"line":261,"column":6},"end":{"line":265,"column":7}},"82":{"start":{"line":267,"column":9},"end":{"line":303,"column":4}},"83":{"start":{"line":268,"column":6},"end":{"line":271,"column":7}},"84":{"start":{"line":273,"column":9},"end":{"line":303,"column":4}},"85":{"start":{"line":274,"column":6},"end":{"line":277,"column":7}},"86":{"start":{"line":278,"column":6},"end":{"line":280,"column":7}},"87":{"start":{"line":279,"column":8},"end":{"line":279,"column":42}},"88":{"start":{"line":282,"column":9},"end":{"line":303,"column":4}},"89":{"start":{"line":283,"column":6},"end":{"line":285,"column":7}},"90":{"start":{"line":287,"column":6},"end":{"line":289,"column":7}},"91":{"start":{"line":288,"column":8},"end":{"line":288,"column":42}},"92":{"start":{"line":291,"column":9},"end":{"line":303,"column":4}},"93":{"start":{"line":292,"column":6},"end":{"line":296,"column":7}},"94":{"start":{"line":299,"column":6},"end":{"line":302,"column":7}},"95":{"start":{"line":306,"column":4},"end":{"line":321,"column":5}},"96":{"start":{"line":307,"column":6},"end":{"line":313,"column":7}},"97":{"start":{"line":308,"column":8},"end":{"line":308,"column":44}},"98":{"start":{"line":309,"column":8},"end":{"line":309,"column":24}},"99":{"start":{"line":311,"column":8},"end":{"line":311,"column":45}},"100":{"start":{"line":312,"column":8},"end":{"line":312,"column":25}},"101":{"start":{"line":314,"column":6},"end":{"line":316,"column":7}},"102":{"start":{"line":315,"column":8},"end":{"line":315,"column":42}},"103":{"start":{"line":317,"column":11},"end":{"line":321,"column":5}},"104":{"start":{"line":318,"column":6},"end":{"line":318,"column":42}},"105":{"start":{"line":319,"column":6},"end":{"line":319,"column":22}},"106":{"start":{"line":320,"column":6},"end":{"line":320,"column":79}},"107":{"start":{"line":324,"column":4},"end":{"line":337,"column":5}},"108":{"start":{"line":325,"column":6},"end":{"line":325,"column":24}},"109":{"start":{"line":326,"column":11},"end":{"line":337,"column":5}},"110":{"start":{"line":327,"column":6},"end":{"line":327,"column":27}},"111":{"start":{"line":328,"column":6},"end":{"line":328,"column":20}},"112":{"start":{"line":329,"column":11},"end":{"line":337,"column":5}},"113":{"start":{"line":330,"column":6},"end":{"line":330,"column":20}},"114":{"start":{"line":331,"column":11},"end":{"line":337,"column":5}},"115":{"start":{"line":332,"column":6},"end":{"line":332,"column":21}},"116":{"start":{"line":333,"column":11},"end":{"line":337,"column":5}},"117":{"start":{"line":334,"column":6},"end":{"line":334,"column":24}},"118":{"start":{"line":335,"column":11},"end":{"line":337,"column":5}},"119":{"start":{"line":336,"column":6},"end":{"line":336,"column":22}},"120":{"start":{"line":340,"column":4},"end":{"line":340,"column":23}},"121":{"start":{"line":341,"column":4},"end":{"line":356,"column":5}},"122":{"start":{"line":342,"column":6},"end":{"line":342,"column":74}},"123":{"start":{"line":343,"column":11},"end":{"line":356,"column":5}},"124":{"start":{"line":344,"column":6},"end":{"line":344,"column":70}},"125":{"start":{"line":345,"column":6},"end":{"line":345,"column":51}},"126":{"start":{"line":346,"column":11},"end":{"line":356,"column":5}},"127":{"start":{"line":347,"column":6},"end":{"line":347,"column":63}},"128":{"start":{"line":348,"column":11},"end":{"line":356,"column":5}},"129":{"start":{"line":349,"column":6},"end":{"line":349,"column":65}},"130":{"start":{"line":350,"column":11},"end":{"line":356,"column":5}},"131":{"start":{"line":351,"column":6},"end":{"line":351,"column":67}},"132":{"start":{"line":352,"column":11},"end":{"line":356,"column":5}},"133":{"start":{"line":353,"column":6},"end":{"line":353,"column":56}},"134":{"start":{"line":354,"column":11},"end":{"line":356,"column":5}},"135":{"start":{"line":355,"column":6},"end":{"line":355,"column":61}},"136":{"start":{"line":357,"column":4},"end":{"line":359,"column":5}},"137":{"start":{"line":358,"column":6},"end":{"line":358,"column":35}},"138":{"start":{"line":362,"column":4},"end":{"line":362,"column":49}},"139":{"start":{"line":363,"column":4},"end":{"line":382,"column":5}},"140":{"start":{"line":370,"column":6},"end":{"line":370,"column":23}},"141":{"start":{"line":371,"column":11},"end":{"line":382,"column":5}},"142":{"start":{"line":381,"column":6},"end":{"line":381,"column":23}},"143":{"start":{"line":386,"column":4},"end":{"line":410,"column":23}},"144":{"start":{"line":399,"column":6},"end":{"line":399,"column":19}},"145":{"start":{"line":401,"column":9},"end":{"line":410,"column":23}},"146":{"start":{"line":409,"column":6},"end":{"line":409,"column":18}},"147":{"start":{"line":410,"column":11},"end":{"line":410,"column":23}},"148":{"start":{"line":412,"column":4},"end":{"line":412,"column":17}},"149":{"start":{"line":415,"column":2},"end":{"line":415,"column":88}},"150":{"start":{"line":417,"column":2},"end":{"line":427,"column":3}},"151":{"start":{"line":418,"column":4},"end":{"line":425,"column":5}},"152":{"start":{"line":419,"column":6},"end":{"line":419,"column":39}},"153":{"start":{"line":420,"column":6},"end":{"line":424,"column":7}},"154":{"start":{"line":421,"column":8},"end":{"line":423,"column":9}},"155":{"start":{"line":422,"column":10},"end":{"line":422,"column":22}},"156":{"start":{"line":426,"column":4},"end":{"line":426,"column":17}},"157":{"start":{"line":438,"column":2},"end":{"line":440,"column":3}},"158":{"start":{"line":439,"column":4},"end":{"line":439,"column":37}},"159":{"start":{"line":449,"column":2},"end":{"line":458,"column":3}},"160":{"start":{"line":450,"column":4},"end":{"line":450,"column":23}},"161":{"start":{"line":451,"column":4},"end":{"line":453,"column":5}},"162":{"start":{"line":452,"column":6},"end":{"line":452,"column":53}},"163":{"start":{"line":454,"column":4},"end":{"line":456,"column":5}},"164":{"start":{"line":455,"column":6},"end":{"line":455,"column":36}},"165":{"start":{"line":457,"column":4},"end":{"line":457,"column":18}},"166":{"start":{"line":472,"column":2},"end":{"line":503,"column":3}},"167":{"start":{"line":474,"column":4},"end":{"line":474,"column":97}},"168":{"start":{"line":475,"column":4},"end":{"line":485,"column":7}},"169":{"start":{"line":476,"column":6},"end":{"line":476,"column":59}},"170":{"start":{"line":479,"column":6},"end":{"line":479,"column":58}},"171":{"start":{"line":482,"column":6},"end":{"line":484,"column":19}},"172":{"start":{"line":483,"column":8},"end":{"line":483,"column":62}},"173":{"start":{"line":488,"column":4},"end":{"line":502,"column":5}},"174":{"start":{"line":490,"column":6},"end":{"line":501,"column":7}},"175":{"start":{"line":491,"column":8},"end":{"line":491,"column":17}},"176":{"start":{"line":493,"column":11},"end":{"line":501,"column":7}},"177":{"start":{"line":494,"column":8},"end":{"line":497,"column":9}},"178":{"start":{"line":496,"column":10},"end":{"line":496,"column":19}},"179":{"start":{"line":500,"column":8},"end":{"line":500,"column":18}},"180":{"start":{"line":523,"column":2},"end":{"line":554,"column":3}},"181":{"start":{"line":524,"column":4},"end":{"line":524,"column":25}},"182":{"start":{"line":527,"column":4},"end":{"line":530,"column":5}},"183":{"start":{"line":528,"column":6},"end":{"line":528,"column":22}},"184":{"start":{"line":529,"column":6},"end":{"line":529,"column":27}},"185":{"start":{"line":532,"column":4},"end":{"line":534,"column":5}},"186":{"start":{"line":533,"column":6},"end":{"line":533,"column":25}},"187":{"start":{"line":535,"column":4},"end":{"line":537,"column":5}},"188":{"start":{"line":536,"column":6},"end":{"line":536,"column":27}},"189":{"start":{"line":539,"column":4},"end":{"line":539,"column":39}},"190":{"start":{"line":540,"column":4},"end":{"line":551,"column":5}},"191":{"start":{"line":541,"column":6},"end":{"line":550,"column":7}},"192":{"start":{"line":542,"column":8},"end":{"line":549,"column":9}},"193":{"start":{"line":543,"column":10},"end":{"line":545,"column":11}},"194":{"start":{"line":544,"column":12},"end":{"line":544,"column":129}},"195":{"start":{"line":548,"column":10},"end":{"line":548,"column":70}},"196":{"start":{"line":553,"column":4},"end":{"line":553,"column":22}},"197":{"start":{"line":564,"column":2},"end":{"line":566,"column":3}},"198":{"start":{"line":565,"column":4},"end":{"line":565,"column":62}},"199":{"start":{"line":568,"column":2},"end":{"line":568,"column":53}},"200":{"start":{"line":569,"column":2},"end":{"line":569,"column":43}},"201":{"start":{"line":570,"column":2},"end":{"line":570,"column":23}},"202":{"start":{"line":577,"column":2},"end":{"line":577,"column":26}},"203":{"start":{"line":579,"column":2},"end":{"line":579,"column":15}}},"branchMap":{"1":{"line":8,"type":"if","locations":[{"start":{"line":8,"column":2},"end":{"line":8,"column":2}},{"start":{"line":8,"column":2},"end":{"line":8,"column":2}}]},"2":{"line":8,"type":"binary-expr","locations":[{"start":{"line":8,"column":6},"end":{"line":8,"column":34}},{"start":{"line":8,"column":38},"end":{"line":8,"column":52}}]},"3":{"line":9,"type":"if","locations":[{"start":{"line":9,"column":7},"end":{"line":9,"column":7}},{"start":{"line":9,"column":7},"end":{"line":9,"column":7}}]},"4":{"line":9,"type":"binary-expr","locations":[{"start":{"line":9,"column":11},"end":{"line":9,"column":38}},{"start":{"line":9,"column":42},"end":{"line":9,"column":52}}]},"5":{"line":22,"type":"binary-expr","locations":[{"start":{"line":22,"column":14},"end":{"line":22,"column":19}},{"start":{"line":22,"column":23},"end":{"line":22,"column":39}},{"start":{"line":22,"column":43},"end":{"line":22,"column":51}},{"start":{"line":22,"column":56},"end":{"line":22,"column":58}}]},"6":{"line":27,"type":"binary-expr","locations":[{"start":{"line":27,"column":14},"end":{"line":27,"column":19}},{"start":{"line":27,"column":23},"end":{"line":27,"column":39}},{"start":{"line":27,"column":43},"end":{"line":27,"column":51}},{"start":{"line":27,"column":56},"end":{"line":27,"column":58}}]},"7":{"line":32,"type":"binary-expr","locations":[{"start":{"line":32,"column":18},"end":{"line":32,"column":30}},{"start":{"line":32,"column":34},"end":{"line":32,"column":53}}]},"8":{"line":34,"type":"binary-expr","locations":[{"start":{"line":34,"column":22},"end":{"line":34,"column":34}},{"start":{"line":34,"column":38},"end":{"line":34,"column":64}}]},"9":{"line":42,"type":"binary-expr","locations":[{"start":{"line":42,"column":18},"end":{"line":42,"column":31}},{"start":{"line":42,"column":35},"end":{"line":42,"column":54}}]},"10":{"line":43,"type":"binary-expr","locations":[{"start":{"line":43,"column":14},"end":{"line":43,"column":24}},{"start":{"line":43,"column":28},"end":{"line":43,"column":33}},{"start":{"line":43,"column":37},"end":{"line":43,"column":58}}]},"11":{"line":44,"type":"binary-expr","locations":[{"start":{"line":44,"column":16},"end":{"line":44,"column":24}},{"start":{"line":44,"column":28},"end":{"line":44,"column":37}},{"start":{"line":44,"column":41},"end":{"line":44,"column":47}},{"start":{"line":44,"column":51},"end":{"line":44,"column":57}},{"start":{"line":44,"column":61},"end":{"line":44,"column":78}}]},"12":{"line":48,"type":"binary-expr","locations":[{"start":{"line":48,"column":17},"end":{"line":48,"column":24}},{"start":{"line":48,"column":28},"end":{"line":48,"column":48}}]},"13":{"line":52,"type":"if","locations":[{"start":{"line":52,"column":4},"end":{"line":52,"column":4}},{"start":{"line":52,"column":4},"end":{"line":52,"column":4}}]},"14":{"line":57,"type":"binary-expr","locations":[{"start":{"line":57,"column":17},"end":{"line":57,"column":34}},{"start":{"line":57,"column":38},"end":{"line":57,"column":94}}]},"15":{"line":59,"type":"if","locations":[{"start":{"line":59,"column":11},"end":{"line":59,"column":11}},{"start":{"line":59,"column":11},"end":{"line":59,"column":11}}]},"16":{"line":64,"type":"binary-expr","locations":[{"start":{"line":64,"column":19},"end":{"line":64,"column":69}},{"start":{"line":64,"column":73},"end":{"line":64,"column":90}}]},"17":{"line":67,"type":"if","locations":[{"start":{"line":67,"column":9},"end":{"line":67,"column":9}},{"start":{"line":67,"column":9},"end":{"line":67,"column":9}}]},"18":{"line":71,"type":"binary-expr","locations":[{"start":{"line":71,"column":19},"end":{"line":71,"column":36}},{"start":{"line":71,"column":40},"end":{"line":71,"column":95}}]},"19":{"line":74,"type":"if","locations":[{"start":{"line":74,"column":9},"end":{"line":74,"column":9}},{"start":{"line":74,"column":9},"end":{"line":74,"column":9}}]},"20":{"line":78,"type":"binary-expr","locations":[{"start":{"line":78,"column":19},"end":{"line":78,"column":36}},{"start":{"line":78,"column":40},"end":{"line":78,"column":86}}]},"21":{"line":81,"type":"if","locations":[{"start":{"line":81,"column":9},"end":{"line":81,"column":9}},{"start":{"line":81,"column":9},"end":{"line":81,"column":9}}]},"22":{"line":85,"type":"binary-expr","locations":[{"start":{"line":85,"column":17},"end":{"line":85,"column":34}},{"start":{"line":85,"column":38},"end":{"line":85,"column":88}}]},"23":{"line":88,"type":"if","locations":[{"start":{"line":88,"column":9},"end":{"line":88,"column":9}},{"start":{"line":88,"column":9},"end":{"line":88,"column":9}}]},"24":{"line":95,"type":"if","locations":[{"start":{"line":95,"column":9},"end":{"line":95,"column":9}},{"start":{"line":95,"column":9},"end":{"line":95,"column":9}}]},"25":{"line":102,"type":"if","locations":[{"start":{"line":102,"column":9},"end":{"line":102,"column":9}},{"start":{"line":102,"column":9},"end":{"line":102,"column":9}}]},"26":{"line":109,"type":"if","locations":[{"start":{"line":109,"column":9},"end":{"line":109,"column":9}},{"start":{"line":109,"column":9},"end":{"line":109,"column":9}}]},"27":{"line":116,"type":"if","locations":[{"start":{"line":116,"column":9},"end":{"line":116,"column":9}},{"start":{"line":116,"column":9},"end":{"line":116,"column":9}}]},"28":{"line":123,"type":"if","locations":[{"start":{"line":123,"column":9},"end":{"line":123,"column":9}},{"start":{"line":123,"column":9},"end":{"line":123,"column":9}}]},"29":{"line":130,"type":"if","locations":[{"start":{"line":130,"column":9},"end":{"line":130,"column":9}},{"start":{"line":130,"column":9},"end":{"line":130,"column":9}}]},"30":{"line":135,"type":"if","locations":[{"start":{"line":135,"column":6},"end":{"line":135,"column":6}},{"start":{"line":135,"column":6},"end":{"line":135,"column":6}}]},"31":{"line":144,"type":"if","locations":[{"start":{"line":144,"column":9},"end":{"line":144,"column":9}},{"start":{"line":144,"column":9},"end":{"line":144,"column":9}}]},"32":{"line":150,"type":"if","locations":[{"start":{"line":150,"column":11},"end":{"line":150,"column":11}},{"start":{"line":150,"column":11},"end":{"line":150,"column":11}}]},"33":{"line":158,"type":"if","locations":[{"start":{"line":158,"column":11},"end":{"line":158,"column":11}},{"start":{"line":158,"column":11},"end":{"line":158,"column":11}}]},"34":{"line":165,"type":"if","locations":[{"start":{"line":165,"column":9},"end":{"line":165,"column":9}},{"start":{"line":165,"column":9},"end":{"line":165,"column":9}}]},"35":{"line":169,"type":"binary-expr","locations":[{"start":{"line":169,"column":19},"end":{"line":169,"column":59}},{"start":{"line":169,"column":63},"end":{"line":169,"column":80}}]},"36":{"line":172,"type":"if","locations":[{"start":{"line":172,"column":9},"end":{"line":172,"column":9}},{"start":{"line":172,"column":9},"end":{"line":172,"column":9}}]},"37":{"line":179,"type":"if","locations":[{"start":{"line":179,"column":9},"end":{"line":179,"column":9}},{"start":{"line":179,"column":9},"end":{"line":179,"column":9}}]},"38":{"line":186,"type":"if","locations":[{"start":{"line":186,"column":9},"end":{"line":186,"column":9}},{"start":{"line":186,"column":9},"end":{"line":186,"column":9}}]},"39":{"line":192,"type":"if","locations":[{"start":{"line":192,"column":6},"end":{"line":192,"column":6}},{"start":{"line":192,"column":6},"end":{"line":192,"column":6}}]},"40":{"line":196,"type":"if","locations":[{"start":{"line":196,"column":9},"end":{"line":196,"column":9}},{"start":{"line":196,"column":9},"end":{"line":196,"column":9}}]},"41":{"line":203,"type":"if","locations":[{"start":{"line":203,"column":9},"end":{"line":203,"column":9}},{"start":{"line":203,"column":9},"end":{"line":203,"column":9}}]},"42":{"line":210,"type":"if","locations":[{"start":{"line":210,"column":9},"end":{"line":210,"column":9}},{"start":{"line":210,"column":9},"end":{"line":210,"column":9}}]},"43":{"line":217,"type":"if","locations":[{"start":{"line":217,"column":9},"end":{"line":217,"column":9}},{"start":{"line":217,"column":9},"end":{"line":217,"column":9}}]},"44":{"line":217,"type":"binary-expr","locations":[{"start":{"line":217,"column":13},"end":{"line":217,"column":43}},{"start":{"line":217,"column":47},"end":{"line":217,"column":70}}]},"45":{"line":221,"type":"binary-expr","locations":[{"start":{"line":221,"column":17},"end":{"line":221,"column":34}},{"start":{"line":221,"column":38},"end":{"line":221,"column":86}}]},"46":{"line":224,"type":"if","locations":[{"start":{"line":224,"column":9},"end":{"line":224,"column":9}},{"start":{"line":224,"column":9},"end":{"line":224,"column":9}}]},"47":{"line":228,"type":"binary-expr","locations":[{"start":{"line":228,"column":17},"end":{"line":228,"column":34}},{"start":{"line":228,"column":38},"end":{"line":228,"column":88}}]},"48":{"line":230,"type":"binary-expr","locations":[{"start":{"line":230,"column":6},"end":{"line":230,"column":28}},{"start":{"line":230,"column":33},"end":{"line":230,"column":52}}]},"49":{"line":232,"type":"if","locations":[{"start":{"line":232,"column":9},"end":{"line":232,"column":9}},{"start":{"line":232,"column":9},"end":{"line":232,"column":9}}]},"50":{"line":239,"type":"if","locations":[{"start":{"line":239,"column":9},"end":{"line":239,"column":9}},{"start":{"line":239,"column":9},"end":{"line":239,"column":9}}]},"51":{"line":243,"type":"binary-expr","locations":[{"start":{"line":243,"column":17},"end":{"line":243,"column":70}},{"start":{"line":243,"column":74},"end":{"line":243,"column":91}}]},"52":{"line":246,"type":"if","locations":[{"start":{"line":246,"column":9},"end":{"line":246,"column":9}},{"start":{"line":246,"column":9},"end":{"line":246,"column":9}}]},"53":{"line":250,"type":"binary-expr","locations":[{"start":{"line":250,"column":19},"end":{"line":250,"column":70}},{"start":{"line":250,"column":74},"end":{"line":250,"column":91}}]},"54":{"line":253,"type":"if","locations":[{"start":{"line":253,"column":9},"end":{"line":253,"column":9}},{"start":{"line":253,"column":9},"end":{"line":253,"column":9}}]},"55":{"line":257,"type":"binary-expr","locations":[{"start":{"line":257,"column":19},"end":{"line":257,"column":70}},{"start":{"line":257,"column":74},"end":{"line":257,"column":91}}]},"56":{"line":260,"type":"if","locations":[{"start":{"line":260,"column":9},"end":{"line":260,"column":9}},{"start":{"line":260,"column":9},"end":{"line":260,"column":9}}]},"57":{"line":267,"type":"if","locations":[{"start":{"line":267,"column":9},"end":{"line":267,"column":9}},{"start":{"line":267,"column":9},"end":{"line":267,"column":9}}]},"58":{"line":273,"type":"if","locations":[{"start":{"line":273,"column":9},"end":{"line":273,"column":9}},{"start":{"line":273,"column":9},"end":{"line":273,"column":9}}]},"59":{"line":278,"type":"if","locations":[{"start":{"line":278,"column":6},"end":{"line":278,"column":6}},{"start":{"line":278,"column":6},"end":{"line":278,"column":6}}]},"60":{"line":282,"type":"if","locations":[{"start":{"line":282,"column":9},"end":{"line":282,"column":9}},{"start":{"line":282,"column":9},"end":{"line":282,"column":9}}]},"61":{"line":284,"type":"cond-expr","locations":[{"start":{"line":284,"column":39},"end":{"line":284,"column":47}},{"start":{"line":284,"column":50},"end":{"line":284,"column":87}}]},"62":{"line":284,"type":"cond-expr","locations"
[...]
":{"line":543,"column":10}}]}},"code":["/*!"," * Bowser - a browser detector"," * https://github.com/ded/bowser"," * MIT License | (c) Dustin Diaz 2015"," */","","!function (root, name, definition) {","  if (typeof module != 'undefined' && module.exports) module.exports = definition()","  else if (typeof define == 'function' && define.amd) define(name, definition)","  else root[name] = definition()","}(this, 'bowser', function () {","  /**","    * See useragents.js for examples of navigator.userAgent","    */","","  var t = true","","  function detect(ua) {","","    function getFirstMatch(regex) {","      var match = ua.match(regex);","      return (match && match.length > 1 && match[1]) || '';","    }","","    function getSecondMatch(regex) {","      var match = ua.match(regex);","      return (match && match.length > 1 && match[2]) || '';","    }","","    var iosdevice = getFirstMatch(/(ipod|iphone|ipad)/i).toLowerCase()","      , likeAndroid = /like android/i.test(ua)","      , android = !likeAndroid && /android/i.test(ua)","      , nexusMobile = /nexus\\s*[0-6]\\s*/i.test(ua)","      , nexusTablet = !nexusMobile && /nexus\\s*[0-9]+/i.test(ua)","      , chromeos = /CrOS/.test(ua)","      , silk = /silk/i.test(ua)","      , sailfish = /sailfish/i.test(ua)","      , tizen = /tizen/i.test(ua)","      , webos = /(web|hpw)os/i.test(ua)","      , windowsphone = /windows phone/i.test(ua)","      , samsungBrowser = /SamsungBrowser/i.test(ua)","      , windows = !windowsphone && /windows/i.test(ua)","      , mac = !iosdevice && !silk && /macintosh/i.test(ua)","      , linux = !android && !sailfish && !tizen && !webos && /linux/i.test(ua)","      , edgeVersion = getFirstMatch(/edge\\/(\\d+(\\.\\d+)?)/i)","      , versionIdentifier = getFirstMatch(/version\\/(\\d+(\\.\\d+)?)/i)","      , tablet = /tablet/i.test(ua)","      , mobile = !tablet && /[^-]mobi/i.test(ua)","      , xbox = /xbox/i.test(ua)","      , result","","    if (/opera/i.test(ua)) {","      //  an old Opera","      result = {","        name: 'Opera'","      , opera: t","      , version: versionIdentifier || getFirstMatch(/(?:opera|opr|opios)[\\s\\/](\\d+(\\.\\d+)?)/i)","      }","    } else if (/opr|opios/i.test(ua)) {","      // a new Opera","      result = {","        name: 'Opera'","        , opera: t","        , version: getFirstMatch(/(?:opr|opios)[\\s\\/](\\d+(\\.\\d+)?)/i) || versionIdentifier","      }","    }","    else if (/SamsungBrowser/i.test(ua)) {","      result = {","        name: 'Samsung Internet for Android'","        , samsungBrowser: t","        , version: versionIdentifier || getFirstMatch(/(?:SamsungBrowser)[\\s\\/](\\d+(\\.\\d+)?)/i)","      }","    }","    else if (/coast/i.test(ua)) {","      result = {","        name: 'Opera Coast'","        , coast: t","        , version: versionIdentifier || getFirstMatch(/(?:coast)[\\s\\/](\\d+(\\.\\d+)?)/i)","      }","    }","    else if (/yabrowser/i.test(ua)) {","      result = {","        name: 'Yandex Browser'","      , yandexbrowser: t","      , version: versionIdentifier || getFirstMatch(/(?:yabrowser)[\\s\\/](\\d+(\\.\\d+)?)/i)","      }","    }","    else if (/ucbrowser/i.test(ua)) {","      result = {","          name: 'UC Browser'","        , ucbrowser: t","        , version: getFirstMatch(/(?:ucbrowser)[\\s\\/](\\d+(?:\\.\\d+)+)/i)","      }","    }","    else if (/mxios/i.test(ua)) {","      result = {","        name: 'Maxthon'","        , maxthon: t","        , version: getFirstMatch(/(?:mxios)[\\s\\/](\\d+(?:\\.\\d+)+)/i)","      }","    }","    else if (/epiphany/i.test(ua)) {","      result = {","        name: 'Epiphany'","        , epiphany: t","        , version: getFirstMatch(/(?:epiphany)[\\s\\/](\\d+(?:\\.\\d+)+)/i)","      }","    }","    else if (/puffin/i.test(ua)) {","      result = {","        name: 'Puffin'","        , puffin: t","        , version: getFirstMatch(/(?:puffin)[\\s\\/](\\d+(?:\\.\\d+)?)/i)","      }","    }","    else if (/sleipnir/i.test(ua)) {","      result = {","        name: 'Sleipnir'","        , sleipnir: t","        , version: getFirstMatch(/(?:sleipnir)[\\s\\/](\\d+(?:\\.\\d+)+)/i)","      }","    }","    else if (/k-meleon/i.test(ua)) {","      result = {","        name: 'K-Meleon'","        , kMeleon: t","        , version: getFirstMatch(/(?:k-meleon)[\\s\\/](\\d+(?:\\.\\d+)+)/i)","      }","    }","    else if (windowsphone) {","      result = {","        name: 'Windows Phone'","      , windowsphone: t","      }","      if (edgeVersion) {","        result.msedge = t","        result.version = edgeVersion","      }","      else {","        result.msie = t","        result.version = getFirstMatch(/iemobile\\/(\\d+(\\.\\d+)?)/i)","      }","    }","    else if (/msie|trident/i.test(ua)) {","      result = {","        name: 'Internet Explorer'","      , msie: t","      , version: getFirstMatch(/(?:msie |rv:)(\\d+(\\.\\d+)?)/i)","      }","    } else if (chromeos) {","      result = {","        name: 'Chrome'","      , chromeos: t","      , chromeBook: t","      , chrome: t","      , version: getFirstMatch(/(?:chrome|crios|crmo)\\/(\\d+(\\.\\d+)?)/i)","      }","    } else if (/chrome.+? edge/i.test(ua)) {","      result = {","        name: 'Microsoft Edge'","      , msedge: t","      , version: edgeVersion","      }","    }","    else if (/vivaldi/i.test(ua)) {","      result = {","        name: 'Vivaldi'","        , vivaldi: t","        , version: getFirstMatch(/vivaldi\\/(\\d+(\\.\\d+)?)/i) || versionIdentifier","      }","    }","    else if (sailfish) {","      result = {","        name: 'Sailfish'","      , sailfish: t","      , version: getFirstMatch(/sailfish\\s?browser\\/(\\d+(\\.\\d+)?)/i)","      }","    }","    else if (/seamonkey\\//i.test(ua)) {","      result = {","        name: 'SeaMonkey'","      , seamonkey: t","      , version: getFirstMatch(/seamonkey\\/(\\d+(\\.\\d+)?)/i)","      }","    }","    else if (/firefox|iceweasel|fxios/i.test(ua)) {","      result = {","        name: 'Firefox'","      , firefox: t","      , version: getFirstMatch(/(?:firefox|iceweasel|fxios)[ \\/](\\d+(\\.\\d+)?)/i)","      }","      if (/\\((mobile|tablet);[^\\)]*rv:[\\d\\.]+\\)/i.test(ua)) {","        result.firefoxos = t","      }","    }","    else if (silk) {","      result =  {","        name: 'Amazon Silk'","      , silk: t","      , version : getFirstMatch(/silk\\/(\\d+(\\.\\d+)?)/i)","      }","    }","    else if (/phantom/i.test(ua)) {","      result = {","        name: 'PhantomJS'","      , phantom: t","      , version: getFirstMatch(/phantomjs\\/(\\d+(\\.\\d+)?)/i)","      }","    }","    else if (/slimerjs/i.test(ua)) {","      result = {","        name: 'SlimerJS'","        , slimer: t","        , version: getFirstMatch(/slimerjs\\/(\\d+(\\.\\d+)?)/i)","      }","    }","    else if (/blackberry|\\bbb\\d+/i.test(ua) || /rim\\stablet/i.test(ua)) {","      result = {","        name: 'BlackBerry'","      , blackberry: t","      , version: versionIdentifier || getFirstMatch(/blackberry[\\d]+\\/(\\d+(\\.\\d+)?)/i)","      }","    }","    else if (webos) {","      result = {","        name: 'WebOS'","      , webos: t","      , version: versionIdentifier || getFirstMatch(/w(?:eb)?osbrowser\\/(\\d+(\\.\\d+)?)/i)","      };","      /touchpad\\//i.test(ua) && (result.touchpad = t)","    }","    else if (/bada/i.test(ua)) {","      result = {","        name: 'Bada'","      , bada: t","      , version: getFirstMatch(/dolfin\\/(\\d+(\\.\\d+)?)/i)","      };","    }","    else if (tizen) {","      result = {","        name: 'Tizen'","      , tizen: t","      , version: getFirstMatch(/(?:tizen\\s?)?browser\\/(\\d+(\\.\\d+)?)/i) || versionIdentifier","      };","    }","    else if (/qupzilla/i.test(ua)) {","      result = {","        name: 'QupZilla'","        , qupzilla: t","        , version: getFirstMatch(/(?:qupzilla)[\\s\\/](\\d+(?:\\.\\d+)+)/i) || versionIdentifier","      }","    }","    else if (/chromium/i.test(ua)) {","      result = {","        name: 'Chromium'","        , chromium: t","        , version: getFirstMatch(/(?:chromium)[\\s\\/](\\d+(?:\\.\\d+)?)/i) || versionIdentifier","      }","    }","    else if (/chrome|crios|crmo/i.test(ua)) {","      result = {","        name: 'Chrome'","        , chrome: t","        , version: getFirstMatch(/(?:chrome|crios|crmo)\\/(\\d+(\\.\\d+)?)/i)","      }","    }","    else if (android) {","      result = {","        name: 'Android'","        , version: versionIdentifier","      }","    }","    else if (/safari|applewebkit/i.test(ua)) {","      result = {","        name: 'Safari'","      , safari: t","      }","      if (versionIdentifier) {","        result.version = versionIdentifier","      }","    }","    else if (iosdevice) {","      result = {","        name : iosdevice == 'iphone' ? 'iPhone' : iosdevice == 'ipad' ? 'iPad' : 'iPod'","      }","      // WTF: version is not part of user agent in web apps","      if (versionIdentifier) {","        result.version = versionIdentifier","      }","    }","    else if(/googlebot/i.test(ua)) {","      result = {","        name: 'Googlebot'","      , googlebot: t","      , version: getFirstMatch(/googlebot\\/(\\d+(\\.\\d+))/i) || versionIdentifier","      }","    }","    else {","      result = {","        name: getFirstMatch(/^(.*)\\/(.*) /),","        version: getSecondMatch(/^(.*)\\/(.*) /)","     };","   }","","    // set webkit or gecko flag for browsers based on these engines","    if (!result.msedge && /(apple)?webkit/i.test(ua)) {","      if (/(apple)?webkit\\/537\\.36/i.test(ua)) {","        result.name = result.name || \"Blink\"","        result.blink = t","      } else {","        result.name = result.name || \"Webkit\"","        result.webkit = t","      }","      if (!result.version && versionIdentifier) {","        result.version = versionIdentifier","      }","    } else if (!result.opera && /gecko\\//i.test(ua)) {","      result.name = result.name || \"Gecko\"","      result.gecko = t","      result.version = result.version || getFirstMatch(/gecko\\/(\\d+(\\.\\d+)?)/i)","    }","","    // set OS flags for platforms that have multiple browsers","    if (!result.windowsphone && !result.msedge && (android || result.silk)) {","      result.android = t","    } else if (!result.windowsphone && !result.msedge && iosdevice) {","      result[iosdevice] = t","      result.ios = t","    } else if (mac) {","      result.mac = t","    } else if (xbox) {","      result.xbox = t","    } else if (windows) {","      result.windows = t","    } else if (linux) {","      result.linux = t","    }","","    // OS version extraction","    var osVersion = '';","    if (result.windowsphone) {","      osVersion = getFirstMatch(/windows phone (?:os)?\\s?(\\d+(\\.\\d+)*)/i);","    } else if (iosdevice) {","      osVersion = getFirstMatch(/os (\\d+([_\\s]\\d+)*) like mac os x/i);","      osVersion = osVersion.replace(/[_\\s]/g, '.');","    } else if (android) {","      osVersion = getFirstMatch(/android[ \\/-](\\d+(\\.\\d+)*)/i);","    } else if (result.webos) {","      osVersion = getFirstMatch(/(?:web|hpw)os\\/(\\d+(\\.\\d+)*)/i);","    } else if (result.blackberry) {","      osVersion = getFirstMatch(/rim\\stablet\\sos\\s(\\d+(\\.\\d+)*)/i);","    } else if (result.bada) {","      osVersion = getFirstMatch(/bada\\/(\\d+(\\.\\d+)*)/i);","    } else if (result.tizen) {","      osVersion = getFirstMatch(/tizen[\\/\\s](\\d+(\\.\\d+)*)/i);","    }","    if (osVersion) {","      result.osversion = osVersion;","    }","","    // device type extraction","    var osMajorVersion = osVersion.split('.')[0];","    if (","         tablet","      || nexusTablet","      || iosdevice == 'ipad'","      || (android && (osMajorVersion == 3 || (osMajorVersion >= 4 && !mobile)))","      || result.silk","    ) {","      result.tablet = t","    } else if (","         mobile","      || iosdevice == 'iphone'","      || iosdevice == 'ipod'","      || android","      || nexusMobile","      || result.blackberry","      || result.webos","      || result.bada","    ) {","      result.mobile = t","    }","","    // Graded Browser Support","    // http://developer.yahoo.com/yui/articles/gbs","    if (result.msedge ||","        (result.msie && result.version >= 10) ||","        (result.yandexbrowser && result.version >= 15) ||","\t\t    (result.vivaldi && result.version >= 1.0) ||","        (result.chrome && result.version >= 20) ||","        (result.samsungBrowser && result.version >= 4) ||","        (result.firefox && result.version >= 20.0) ||","        (result.safari && result.version >= 6) ||","        (result.opera && result.version >= 10.0) ||","        (result.ios && result.osversion && result.osversion.split(\".\")[0] >= 6) ||","        (result.blackberry && result.version >= 10.1)","        || (result.chromium && result.version >= 20)","        ) {","      result.a = t;","    }","    else if ((result.msie && result.version < 10) ||","        (result.chrome && result.version < 20) ||","        (result.firefox && result.version < 20.0) ||","        (result.safari && result.version < 6) ||","        (result.opera && result.version < 10.0) ||","        (result.ios && result.osversion && result.osversion.split(\".\")[0] < 6)","        || (result.chromium && result.version < 20)","        ) {","      result.c = t","    } else result.x = t","","    return result","  }","","  var bowser = detect(typeof navigator !== 'undefined' ? navigator.userAgent || '' : '')","","  bowser.test = function (browserList) {","    for (var i = 0; i < browserList.length; ++i) {","      var browserItem = browserList[i];","      if (typeof browserItem=== 'string') {","        if (browserItem in bowser) {","          return true;","        }","      }","    }","    return false;","  }","","  /**","   * Get version precisions count","   *","   * @example","   *   getVersionPrecision(\"1.10.3\") // 3","   *","   * @param  {string} version","   * @return {number}","   */","  function getVersionPrecision(version) {","    return version.split(\".\").length;","  }","","  /**","   * Array::map polyfill","   *","   * @param  {Array} arr","   * @param  {Function} iterator","   * @return {Array}","   */","  function map(arr, iterator) {","    var result = [], i;","    if (Array.prototype.map) {","      return Array.prototype.map.call(arr, iterator);","    }","    for (i = 0; i < arr.length; i++) {","      result.push(iterator(arr[i]));","    }","    return result;","  }","","  /**","   * Calculate browser version weight","   *","   * @example","   *   compareVersions(['1.10.2.1',  '1.8.2.1.90'])    // 1","   *   compareVersions(['1.010.2.1', '1.09.2.1.90']);  // 1","   *   compareVersions(['1.10.2.1',  '1.10.2.1']);     // 0","   *   compareVersions(['1.10.2.1',  '1.0800.2']);     // -1","   *","   * @param  {Array<String>} versions versions to compare","   * @return {Number} comparison result","   */","  function compareVersions(versions) {","    // 1) get common precision for both versions, for example for \"10.0\" and \"9\" it should be 2","    var precision = Math.max(getVersionPrecision(versions[0]), getVersionPrecision(versions[1]));","    var chunks = map(versions, function (version) {","      var delta = precision - getVersionPrecision(version);","","      // 2) \"9\" -> \"9.0\" (for precision = 2)","      version = version + new Array(delta + 1).join(\".0\");","","      // 3) \"9.0\" -> [\"000000000\"\", \"000000009\"]","      return map(version.split(\".\"), function (chunk) {","        return new Array(20 - chunk.length).join(\"0\") + chunk;","      }).reverse();","    });","","    // iterate in reverse order by reversed chunks array","    while (--precision >= 0) {","      // 4) compare: \"000000009\" > \"000000010\" = false (but \"9\" > \"10\" = true)","      if (chunks[0][precision] > chunks[1][precision]) {","        return 1;","      }","      else if (chunks[0][precision] === chunks[1][precision]) {","        if (precision === 0) {","          // all version chunks are same","          return 0;","        }","      }","      else {","        return -1;","      }","    }","  }","","  /**","   * Check if browser is unsupported","   *","   * @example","   *   bowser.isUnsupportedBrowser({","   *     msie: \"10\",","   *     firefox: \"23\",","   *     chrome: \"29\",","   *     safari: \"5.1\",","   *     opera: \"16\",","   *     phantom: \"534\"","   *   });","   *","   * @param  {Object}  minVersions map of minimal version to browser","   * @param  {Boolean} [strictMode = false] flag to return false if browser wasn't found in map","   * @param  {String}  [ua] user agent string","   * @return {Boolean}","   */","  function isUnsupportedBrowser(minVersions, strictMode, ua) {","    var _bowser = bowser;","","    // make strictMode param optional with ua param usage","    if (typeof strictMode === 'string') {","      ua = strictMode;","      strictMode = void(0);","    }","","    if (strictMode === void(0)) {","      strictMode = false;","    }","    if (ua) {","      _bowser = detect(ua);","    }","","    var version = \"\" + _bowser.version;","    for (var browser in minVersions) {","      if (minVersions.hasOwnProperty(browser)) {","        if (_bowser[browser]) {","          if (typeof minVersions[browser] !== 'string') {","            throw new Error('Browser version in the minVersion map should be a string: ' + browser + ': ' + String(minVersions));","          }","","          // browser version and min supported version.","          return compareVersions([version, minVersions[browser]]) < 0;","        }","      }","    }","","    return strictMode; // not found","  }","","  /**","   * Check if browser is supported","   *","   * @param  {Object} minVersions map of minimal version to browser","   * @param  {Boolean} [strictMode = false] flag to return false if browser wasn't found in map","   * @param  {String}  [ua] user agent string","   * @return {Boolean}","   */","  function check(minVersions, strictMode, ua) {","    return !isUnsupportedBrowser(minVersions, strictMode, ua);","  }","","  bowser.isUnsupportedBrowser = isUnsupportedBrowser;","  bowser.compareVersions = compareVersions;","  bowser.check = check;","","  /*","   * Set our detect method to the main bowser object so we can","   * reuse it to test other user agents.","   * This is needed to implement future tests.","   */","  bowser._detect = detect;","","  return bowser","});",""],"l":{"7":1,"8":1,"9":0,"10":0,"16":1,"18":1,"20":1,"21":4,"22":4,"25":1,"26":1,"27":1,"30":1,"52":1,"54":0,"59":1,"61":0,"67":1,"68":0,"74":1,"75":0,"81":1,"82":0,"88":1,"89":0,"95":1,"96":0,"102":1,"103":0,"109":1,"110":0,"116":1,"117":0,"123":1,"124":0,"130":1,"131":0,"135":0,"136":0,"137":0,"140":0,"141":0,"144":1,"145":0,"150":1,"151":0,"158":1,"159":0,"165":1,"166":0,"172":1,"173":0,"179":1,"180":0,"186":1,"187":0,"192":0,"193":0,"196":1,"197":0,"203":1,"204":0,"210":1,"211":0,"217":1,"218":0,"224":1,"225":0,"230":0,"232":1,"233":0,"239":1,"240":0,"246":1,"247":0,"253":1,"254":0,"260":1,"261":0,"267":1,"268":0,"273":1,"274":0,"278":0,"279":0,"282":1,"283":0,"287":0,"288":0,"291":1,"292":0,"299":1,"306":1,"307":0,"308":0,"309":0,"311":0,"312":0,"314":0,"315":0,"317":1,"318":0,"319":0,"320":0,"324":1,"325":0,"326":1,"327":0,"328":0,"329":1,"330":0,"331":1,"332":0,"333":1,"334":0,"335":1,"336":0,"340":1,"341":1,"342":0,"343":1,"344":0,"345":0,"346":1,"347":0,"348":1,"349":0,"350":1,"351":0,"352":1,"353":0,"354":1,"355":0,"357":1,"358":0,"362":1,"363":1,"370":0,"371":1,"381":0,"386":1,"399":0,"401":1,"409":0,"410":1,"412":1,"415":1,"417":1,"418":0,"419":0,"420":0,"421":0,"422":0,"426":0,"438":1,"439":0,"449":1,"450":0,"451":0,"452":0,"454":0,"455":0,"457":0,"472":1,"474":0,"475":0,"476":0,"479":0,"482":0,"483":0,"488":0,"490":0,"491":0,"493":0,"494":0,"496":0,"500":0,"523":1,"524":0,"527":0,"528":0,"529":0,"532":0,"533":0,"535":0,"536":0,"539":0,"540":0,"541":0,"542":0,"543":0,"544":0,"548":0,"553":0,"564":1,"565":0,"568":1,"569":1,"570":1,"577":1,"579":1}}}